2026-07-05 00:12:36,794 [INFO] Loaded 4498 products to process
2026-07-05 00:12:42,229 [INFO] Progress: 660/4498 (14.7%) | ok=660 fail=0 | engines: bing=6 ddg=1 google=0 yandex=0 brave=0 | rate=121.5/s eta=32s
2026-07-05 00:12:48,192 [INFO] Progress: 670/4498 (14.9%) | ok=670 fail=0 | engines: bing=16 ddg=1 google=0 yandex=0 brave=0 | rate=58.8/s eta=65s
2026-07-05 00:12:53,752 [INFO] Progress: 675/4498 (15.0%) | ok=675 fail=0 | engines: bing=21 ddg=1 google=0 yandex=0 brave=0 | rate=39.8/s eta=96s
2026-07-05 00:13:00,038 [INFO] Progress: 684/4498 (15.2%) | ok=684 fail=0 | engines: bing=28 ddg=3 google=0 yandex=0 brave=0 | rate=29.4/s eta=130s
2026-07-05 00:13:06,807 [INFO] Progress: 693/4498 (15.4%) | ok=692 fail=1 | engines: bing=36 ddg=3 google=0 yandex=0 brave=0 | rate=23.1/s eta=165s
2026-07-05 00:13:12,848 [INFO] Progress: 702/4498 (15.6%) | ok=701 fail=1 | engines: bing=45 ddg=3 google=0 yandex=0 brave=0 | rate=19.5/s eta=195s
2026-07-05 00:13:18,709 [INFO] Progress: 711/4498 (15.8%) | ok=709 fail=2 | engines: bing=53 ddg=3 google=0 yandex=0 brave=0 | rate=17.0/s eta=223s
2026-07-05 00:13:23,992 [INFO] Progress: 720/4498 (16.0%) | ok=718 fail=2 | engines: bing=61 ddg=4 google=0 yandex=0 brave=0 | rate=15.3/s eta=248s
2026-07-05 00:13:29,393 [INFO] Progress: 727/4498 (16.2%) | ok=725 fail=2 | engines: bing=68 ddg=4 google=0 yandex=0 brave=0 | rate=13.8/s eta=273s
2026-07-05 00:13:34,759 [INFO] Progress: 734/4498 (16.3%) | ok=731 fail=3 | engines: bing=74 ddg=4 google=0 yandex=0 brave=0 | rate=12.7/s eta=297s
2026-07-05 00:13:40,040 [INFO] Progress: 742/4498 (16.5%) | ok=739 fail=3 | engines: bing=82 ddg=4 google=0 yandex=0 brave=0 | rate=11.7/s eta=320s
2026-07-05 00:13:45,478 [INFO] Progress: 750/4498 (16.7%) | ok=747 fail=3 | engines: bing=90 ddg=4 google=0 yandex=0 brave=0 | rate=10.9/s eta=343s
2026-07-05 00:13:51,927 [INFO] Progress: 760/4498 (16.9%) | ok=757 fail=3 | engines: bing=99 ddg=5 google=0 yandex=0 brave=0 | rate=10.1/s eta=370s
2026-07-05 00:13:57,281 [INFO] Progress: 769/4498 (17.1%) | ok=766 fail=3 | engines: bing=107 ddg=6 google=0 yandex=0 brave=0 | rate=9.6/s eta=390s
2026-07-05 00:14:02,668 [INFO] Progress: 777/4498 (17.3%) | ok=773 fail=4 | engines: bing=114 ddg=6 google=0 yandex=0 brave=0 | rate=9.0/s eta=411s
2026-07-05 00:14:08,004 [INFO] Progress: 783/4498 (17.4%) | ok=778 fail=5 | engines: bing=119 ddg=6 google=0 yandex=0 brave=0 | rate=8.6/s eta=433s
2026-07-05 00:14:13,053 [INFO] Progress: 794/4498 (17.7%) | ok=788 fail=6 | engines: bing=126 ddg=6 google=0 yandex=0 brave=0 | rate=8.2/s eta=449s
2026-07-05 00:14:18,353 [INFO] Progress: 801/4498 (17.8%) | ok=795 fail=6 | engines: bing=133 ddg=6 google=0 yandex=0 brave=0 | rate=7.9/s eta=469s
2026-07-05 00:14:23,454 [INFO] Progress: 810/4498 (18.0%) | ok=804 fail=6 | engines: bing=138 ddg=8 google=0 yandex=0 brave=0 | rate=7.6/s eta=486s
2026-07-05 00:14:28,738 [INFO] Progress: 818/4498 (18.2%) | ok=812 fail=6 | engines: bing=146 ddg=8 google=0 yandex=0 brave=0 | rate=7.3/s eta=504s
2026-07-05 00:14:33,881 [INFO] Progress: 828/4498 (18.4%) | ok=822 fail=6 | engines: bing=154 ddg=8 google=0 yandex=0 brave=0 | rate=7.1/s eta=519s
2026-07-05 00:14:39,690 [INFO] Progress: 837/4498 (18.6%) | ok=831 fail=6 | engines: bing=163 ddg=8 google=0 yandex=0 brave=0 | rate=6.8/s eta=538s
2026-07-05 00:14:45,521 [INFO] Progress: 846/4498 (18.8%) | ok=840 fail=6 | engines: bing=172 ddg=8 google=0 yandex=0 brave=0 | rate=6.6/s eta=556s
2026-07-05 00:14:51,371 [INFO] Progress: 856/4498 (19.0%) | ok=850 fail=6 | engines: bing=181 ddg=9 google=0 yandex=0 brave=0 | rate=6.4/s eta=573s
2026-07-05 00:14:56,509 [INFO] Progress: 864/4498 (19.2%) | ok=858 fail=6 | engines: bing=188 ddg=10 google=0 yandex=0 brave=0 | rate=6.2/s eta=588s
2026-07-05 00:15:02,525 [INFO] Progress: 874/4498 (19.4%) | ok=868 fail=6 | engines: bing=198 ddg=10 google=0 yandex=0 brave=0 | rate=6.0/s eta=604s
2026-07-05 00:15:07,957 [INFO] Progress: 884/4498 (19.7%) | ok=878 fail=6 | engines: bing=207 ddg=10 google=0 yandex=0 brave=0 | rate=5.8/s eta=618s
2026-07-05 00:15:13,163 [INFO] Progress: 892/4498 (19.8%) | ok=886 fail=6 | engines: bing=215 ddg=10 google=0 yandex=0 brave=0 | rate=5.7/s eta=632s
2026-07-05 00:15:18,500 [INFO] Progress: 901/4498 (20.0%) | ok=895 fail=6 | engines: bing=224 ddg=10 google=0 yandex=0 brave=0 | rate=5.6/s eta=646s
2026-07-05 00:15:24,023 [INFO] Progress: 909/4498 (20.2%) | ok=903 fail=6 | engines: bing=231 ddg=10 google=0 yandex=0 brave=0 | rate=5.4/s eta=660s
2026-07-05 00:15:29,430 [INFO] Progress: 919/4498 (20.4%) | ok=913 fail=6 | engines: bing=240 ddg=10 google=0 yandex=0 brave=0 | rate=5.3/s eta=672s
2026-07-05 00:15:35,003 [INFO] Progress: 927/4498 (20.6%) | ok=921 fail=6 | engines: bing=248 ddg=10 google=0 yandex=0 brave=0 | rate=5.2/s eta=686s
2026-07-05 00:15:41,102 [INFO] Progress: 937/4498 (20.8%) | ok=931 fail=6 | engines: bing=258 ddg=10 google=0 yandex=0 brave=0 | rate=5.1/s eta=700s
/home/z/.venv/lib/python3.12/site-packages/PIL/Image.py:1047: UserWarning: Palette images with Transparency expressed in bytes should be converted to RGBA images
  warnings.warn(
2026-07-05 00:15:46,412 [INFO] Progress: 946/4498 (21.0%) | ok=940 fail=6 | engines: bing=266 ddg=11 google=0 yandex=0 brave=0 | rate=5.0/s eta=712s
2026-07-05 00:15:51,910 [INFO] Progress: 955/4498 (21.2%) | ok=949 fail=6 | engines: bing=275 ddg=11 google=0 yandex=0 brave=0 | rate=4.9/s eta=724s
2026-07-05 00:15:57,276 [INFO] Progress: 964/4498 (21.4%) | ok=958 fail=6 | engines: bing=284 ddg=11 google=0 yandex=0 brave=0 | rate=4.8/s eta=735s
2026-07-05 00:16:02,943 [INFO] Progress: 972/4498 (21.6%) | ok=966 fail=6 | engines: bing=291 ddg=12 google=0 yandex=0 brave=0 | rate=4.7/s eta=748s
2026-07-05 00:16:08,424 [INFO] Progress: 980/4498 (21.8%) | ok=974 fail=6 | engines: bing=298 ddg=13 google=0 yandex=0 brave=0 | rate=4.6/s eta=760s
2026-07-05 00:16:13,509 [INFO] Progress: 987/4498 (21.9%) | ok=981 fail=6 | engines: bing=305 ddg=13 google=0 yandex=0 brave=0 | rate=4.6/s eta=771s
2026-07-05 00:16:19,183 [INFO] Progress: 995/4498 (22.1%) | ok=989 fail=6 | engines: bing=313 ddg=13 google=0 yandex=0 brave=0 | rate=4.5/s eta=783s
2026-07-05 00:16:24,606 [INFO] Progress: 1004/4498 (22.3%) | ok=998 fail=6 | engines: bing=322 ddg=13 google=0 yandex=0 brave=0 | rate=4.4/s eta=793s
2026-07-05 00:16:29,967 [INFO] Progress: 1012/4498 (22.5%) | ok=1006 fail=6 | engines: bing=330 ddg=13 google=0 yandex=0 brave=0 | rate=4.3/s eta=803s
2026-07-05 00:16:35,075 [INFO] Progress: 1020/4498 (22.7%) | ok=1014 fail=6 | engines: bing=338 ddg=13 google=0 yandex=0 brave=0 | rate=4.3/s eta=812s
2026-07-05 00:16:40,656 [INFO] Progress: 1028/4498 (22.9%) | ok=1022 fail=6 | engines: bing=346 ddg=13 google=0 yandex=0 brave=0 | rate=4.2/s eta=823s
2026-07-05 00:16:45,744 [INFO] Progress: 1037/4498 (23.1%) | ok=1031 fail=6 | engines: bing=355 ddg=13 google=0 yandex=0 brave=0 | rate=4.2/s eta=831s
2026-07-05 00:16:50,870 [INFO] Progress: 1046/4498 (23.3%) | ok=1040 fail=6 | engines: bing=363 ddg=14 google=0 yandex=0 brave=0 | rate=4.1/s eta=838s
2026-07-05 00:16:56,374 [INFO] Progress: 1054/4498 (23.4%) | ok=1048 fail=6 | engines: bing=371 ddg=14 google=0 yandex=0 brave=0 | rate=4.1/s eta=848s
2026-07-05 00:17:01,971 [INFO] Progress: 1062/4498 (23.6%) | ok=1056 fail=6 | engines: bing=379 ddg=14 google=0 yandex=0 brave=0 | rate=4.0/s eta=858s
2026-07-05 00:17:07,969 [INFO] Progress: 1071/4498 (23.8%) | ok=1065 fail=6 | engines: bing=388 ddg=14 google=0 yandex=0 brave=0 | rate=3.9/s eta=868s
2026-07-05 00:17:13,490 [INFO] Progress: 1080/4498 (24.0%) | ok=1073 fail=7 | engines: bing=396 ddg=14 google=0 yandex=0 brave=0 | rate=3.9/s eta=876s
2026-07-05 00:17:19,426 [INFO] Progress: 1088/4498 (24.2%) | ok=1081 fail=7 | engines: bing=404 ddg=14 google=0 yandex=0 brave=0 | rate=3.8/s eta=886s
2026-07-05 00:17:24,760 [INFO] Progress: 1097/4498 (24.4%) | ok=1089 fail=8 | engines: bing=412 ddg=14 google=0 yandex=0 brave=0 | rate=3.8/s eta=893s
2026-07-05 00:17:30,057 [INFO] Progress: 1105/4498 (24.6%) | ok=1097 fail=8 | engines: bing=420 ddg=14 google=0 yandex=0 brave=0 | rate=3.8/s eta=900s
2026-07-05 00:17:35,721 [INFO] Progress: 1113/4498 (24.7%) | ok=1105 fail=8 | engines: bing=428 ddg=14 google=0 yandex=0 brave=0 | rate=3.7/s eta=909s
2026-07-05 00:17:41,482 [INFO] Progress: 1122/4498 (24.9%) | ok=1114 fail=8 | engines: bing=436 ddg=15 google=0 yandex=0 brave=0 | rate=3.7/s eta=917s
2026-07-05 00:17:46,748 [INFO] Progress: 1128/4498 (25.1%) | ok=1120 fail=8 | engines: bing=442 ddg=15 google=0 yandex=0 brave=0 | rate=3.6/s eta=926s
2026-07-05 00:17:52,672 [INFO] Progress: 1136/4498 (25.3%) | ok=1127 fail=9 | engines: bing=449 ddg=15 google=0 yandex=0 brave=0 | rate=3.6/s eta=935s
2026-07-05 00:17:58,889 [INFO] Progress: 1146/4498 (25.5%) | ok=1137 fail=9 | engines: bing=459 ddg=15 google=0 yandex=0 brave=0 | rate=3.6/s eta=942s
2026-07-05 00:18:04,217 [INFO] Progress: 1154/4498 (25.7%) | ok=1145 fail=9 | engines: bing=467 ddg=15 google=0 yandex=0 brave=0 | rate=3.5/s eta=949s
2026-07-05 00:18:09,300 [INFO] Progress: 1163/4498 (25.9%) | ok=1154 fail=9 | engines: bing=476 ddg=15 google=0 yandex=0 brave=0 | rate=3.5/s eta=953s
2026-07-05 00:18:14,689 [INFO] Progress: 1170/4498 (26.0%) | ok=1161 fail=9 | engines: bing=483 ddg=15 google=0 yandex=0 brave=0 | rate=3.5/s eta=961s
2026-07-05 00:18:19,708 [INFO] Progress: 1179/4498 (26.2%) | ok=1170 fail=9 | engines: bing=491 ddg=16 google=0 yandex=0 brave=0 | rate=3.4/s eta=965s
2026-07-05 00:18:25,870 [INFO] Progress: 1188/4498 (26.4%) | ok=1179 fail=9 | engines: bing=500 ddg=16 google=0 yandex=0 brave=0 | rate=3.4/s eta=973s
2026-07-05 00:18:31,450 [INFO] Progress: 1196/4498 (26.6%) | ok=1187 fail=9 | engines: bing=508 ddg=16 google=0 yandex=0 brave=0 | rate=3.4/s eta=979s
2026-07-05 00:18:37,127 [INFO] Progress: 1204/4498 (26.8%) | ok=1194 fail=10 | engines: bing=515 ddg=16 google=0 yandex=0 brave=0 | rate=3.3/s eta=986s
2026-07-05 00:18:42,279 [INFO] Progress: 1214/4498 (27.0%) | ok=1204 fail=10 | engines: bing=523 ddg=18 google=0 yandex=0 brave=0 | rate=3.3/s eta=989s
2026-07-05 00:18:47,344 [INFO] Progress: 1222/4498 (27.2%) | ok=1212 fail=10 | engines: bing=531 ddg=18 google=0 yandex=0 brave=0 | rate=3.3/s eta=993s
2026-07-05 00:18:52,659 [INFO] Progress: 1230/4498 (27.3%) | ok=1220 fail=10 | engines: bing=539 ddg=18 google=0 yandex=0 brave=0 | rate=3.3/s eta=999s
2026-07-05 00:18:57,904 [INFO] Progress: 1238/4498 (27.5%) | ok=1228 fail=10 | engines: bing=547 ddg=18 google=0 yandex=0 brave=0 | rate=3.2/s eta=1004s
2026-07-05 00:19:03,299 [INFO] Progress: 1247/4498 (27.7%) | ok=1237 fail=10 | engines: bing=556 ddg=18 google=0 yandex=0 brave=0 | rate=3.2/s eta=1008s
2026-07-05 00:19:08,776 [INFO] Progress: 1254/4498 (27.9%) | ok=1244 fail=10 | engines: bing=563 ddg=18 google=0 yandex=0 brave=0 | rate=3.2/s eta=1014s
2026-07-05 00:19:14,021 [INFO] Progress: 1264/4498 (28.1%) | ok=1254 fail=10 | engines: bing=572 ddg=19 google=0 yandex=0 brave=0 | rate=3.2/s eta=1016s
2026-07-05 00:19:19,468 [INFO] Progress: 1270/4498 (28.2%) | ok=1260 fail=10 | engines: bing=578 ddg=19 google=0 yandex=0 brave=0 | rate=3.2/s eta=1023s
2026-07-05 00:19:24,958 [INFO] Progress: 1275/4498 (28.3%) | ok=1265 fail=10 | engines: bing=583 ddg=19 google=0 yandex=0 brave=0 | rate=3.1/s eta=1032s
2026-07-05 00:19:40,293 [INFO] Progress: 1280/4498 (28.5%) | ok=1270 fail=10 | engines: bing=588 ddg=19 google=0 yandex=0 brave=0 | rate=3.0/s eta=1065s
2026-07-05 00:19:45,646 [INFO] Progress: 1288/4498 (28.6%) | ok=1278 fail=10 | engines: bing=596 ddg=19 google=0 yandex=0 brave=0 | rate=3.0/s eta=1069s
2026-07-05 00:19:53,920 [INFO] Progress: 1298/4498 (28.9%) | ok=1287 fail=11 | engines: bing=604 ddg=20 google=0 yandex=0 brave=0 | rate=3.0/s eta=1078s
2026-07-05 00:19:59,262 [INFO] Progress: 1304/4498 (29.0%) | ok=1293 fail=11 | engines: bing=610 ddg=20 google=0 yandex=0 brave=0 | rate=2.9/s eta=1084s
2026-07-05 00:20:04,422 [INFO] Progress: 1313/4498 (29.2%) | ok=1302 fail=11 | engines: bing=618 ddg=21 google=0 yandex=0 brave=0 | rate=2.9/s eta=1086s
2026-07-05 00:20:09,493 [INFO] Progress: 1320/4498 (29.3%) | ok=1309 fail=11 | engines: bing=625 ddg=21 google=0 yandex=0 brave=0 | rate=2.9/s eta=1090s
2026-07-05 00:20:15,041 [INFO] Progress: 1330/4498 (29.6%) | ok=1319 fail=11 | engines: bing=635 ddg=21 google=0 yandex=0 brave=0 | rate=2.9/s eta=1092s
2026-07-05 00:20:20,809 [INFO] Progress: 1341/4498 (29.8%) | ok=1330 fail=11 | engines: bing=646 ddg=21 google=0 yandex=0 brave=0 | rate=2.9/s eta=1092s
2026-07-05 00:20:26,224 [INFO] Progress: 1351/4498 (30.0%) | ok=1340 fail=11 | engines: bing=655 ddg=22 google=0 yandex=0 brave=0 | rate=2.9/s eta=1093s
2026-07-05 00:20:31,441 [INFO] Progress: 1359/4498 (30.2%) | ok=1348 fail=11 | engines: bing=663 ddg=22 google=0 yandex=0 brave=0 | rate=2.9/s eta=1096s
2026-07-05 00:20:37,436 [INFO] Progress: 1367/4498 (30.4%) | ok=1356 fail=11 | engines: bing=671 ddg=22 google=0 yandex=0 brave=0 | rate=2.8/s eta=1101s
2026-07-05 00:20:43,684 [INFO] Progress: 1377/4498 (30.6%) | ok=1366 fail=11 | engines: bing=681 ddg=22 google=0 yandex=0 brave=0 | rate=2.8/s eta=1104s
2026-07-05 00:20:48,723 [INFO] Progress: 1384/4498 (30.8%) | ok=1373 fail=11 | engines: bing=688 ddg=22 google=0 yandex=0 brave=0 | rate=2.8/s eta=1107s
2026-07-05 00:20:54,015 [INFO] Progress: 1392/4498 (30.9%) | ok=1381 fail=11 | engines: bing=696 ddg=22 google=0 yandex=0 brave=0 | rate=2.8/s eta=1109s
2026-07-05 00:20:59,037 [INFO] Progress: 1400/4498 (31.1%) | ok=1389 fail=11 | engines: bing=704 ddg=22 google=0 yandex=0 brave=0 | rate=2.8/s eta=1111s
2026-07-05 00:21:04,283 [INFO] Progress: 1408/4498 (31.3%) | ok=1397 fail=11 | engines: bing=712 ddg=22 google=0 yandex=0 brave=0 | rate=2.8/s eta=1114s
2026-07-05 00:21:09,774 [INFO] Progress: 1417/4498 (31.5%) | ok=1406 fail=11 | engines: bing=721 ddg=22 google=0 yandex=0 brave=0 | rate=2.8/s eta=1115s
2026-07-05 00:21:15,255 [INFO] Progress: 1425/4498 (31.7%) | ok=1414 fail=11 | engines: bing=729 ddg=22 google=0 yandex=0 brave=0 | rate=2.7/s eta=1118s
2026-07-05 00:21:21,262 [INFO] Progress: 1434/4498 (31.9%) | ok=1423 fail=11 | engines: bing=737 ddg=23 google=0 yandex=0 brave=0 | rate=2.7/s eta=1121s
2026-07-05 00:21:26,357 [INFO] Progress: 1441/4498 (32.0%) | ok=1430 fail=11 | engines: bing=744 ddg=23 google=0 yandex=0 brave=0 | rate=2.7/s eta=1123s
2026-07-05 00:21:31,727 [INFO] Progress: 1451/4498 (32.3%) | ok=1439 fail=12 | engines: bing=753 ddg=23 google=0 yandex=0 brave=0 | rate=2.7/s eta=1123s
2026-07-05 00:21:36,936 [INFO] Progress: 1460/4498 (32.5%) | ok=1448 fail=12 | engines: bing=762 ddg=23 google=0 yandex=0 brave=0 | rate=2.7/s eta=1124s
2026-07-05 00:21:42,975 [INFO] Progress: 1470/4498 (32.7%) | ok=1458 fail=12 | engines: bing=772 ddg=23 google=0 yandex=0 brave=0 | rate=2.7/s eta=1125s
2026-07-05 00:21:48,078 [INFO] Progress: 1478/4498 (32.9%) | ok=1466 fail=12 | engines: bing=779 ddg=24 google=0 yandex=0 brave=0 | rate=2.7/s eta=1126s
2026-07-05 00:21:53,301 [INFO] Progress: 1486/4498 (33.0%) | ok=1474 fail=12 | engines: bing=787 ddg=24 google=0 yandex=0 brave=0 | rate=2.7/s eta=1128s
2026-07-05 00:21:59,210 [INFO] Progress: 1493/4498 (33.2%) | ok=1481 fail=12 | engines: bing=794 ddg=24 google=0 yandex=0 brave=0 | rate=2.7/s eta=1132s
2026-07-05 00:22:04,599 [INFO] Progress: 1501/4498 (33.4%) | ok=1489 fail=12 | engines: bing=802 ddg=24 google=0 yandex=0 brave=0 | rate=2.6/s eta=1134s
2026-07-05 00:22:10,275 [INFO] Progress: 1509/4498 (33.5%) | ok=1497 fail=12 | engines: bing=810 ddg=24 google=0 yandex=0 brave=0 | rate=2.6/s eta=1136s
2026-07-05 00:22:15,758 [INFO] Progress: 1517/4498 (33.7%) | ok=1505 fail=12 | engines: bing=818 ddg=24 google=0 yandex=0 brave=0 | rate=2.6/s eta=1138s
2026-07-05 00:22:20,800 [INFO] Progress: 1526/4498 (33.9%) | ok=1514 fail=12 | engines: bing=827 ddg=24 google=0 yandex=0 brave=0 | rate=2.6/s eta=1137s
2026-07-05 00:22:25,997 [INFO] Progress: 1532/4498 (34.1%) | ok=1520 fail=12 | engines: bing=833 ddg=24 google=0 yandex=0 brave=0 | rate=2.6/s eta=1141s
2026-07-05 00:22:31,916 [INFO] Progress: 1542/4498 (34.3%) | ok=1530 fail=12 | engines: bing=843 ddg=24 google=0 yandex=0 brave=0 | rate=2.6/s eta=1141s
2026-07-05 00:22:37,671 [INFO] Progress: 1548/4498 (34.4%) | ok=1536 fail=12 | engines: bing=849 ddg=24 google=0 yandex=0 brave=0 | rate=2.6/s eta=1145s
2026-07-05 00:22:42,888 [INFO] Progress: 1556/4498 (34.6%) | ok=1543 fail=13 | engines: bing=856 ddg=24 google=0 yandex=0 brave=0 | rate=2.6/s eta=1146s
2026-07-05 00:22:47,961 [INFO] Progress: 1564/4498 (34.8%) | ok=1551 fail=13 | engines: bing=864 ddg=24 google=0 yandex=0 brave=0 | rate=2.6/s eta=1147s
2026-07-05 00:22:52,994 [INFO] Progress: 1575/4498 (35.0%) | ok=1562 fail=13 | engines: bing=875 ddg=24 google=0 yandex=0 brave=0 | rate=2.6/s eta=1144s
2026-07-05 00:22:58,434 [INFO] Progress: 1581/4498 (35.1%) | ok=1568 fail=13 | engines: bing=881 ddg=24 google=0 yandex=0 brave=0 | rate=2.5/s eta=1147s
2026-07-05 00:23:03,630 [INFO] Progress: 1592/4498 (35.4%) | ok=1579 fail=13 | engines: bing=890 ddg=26 google=0 yandex=0 brave=0 | rate=2.5/s eta=1144s
2026-07-05 00:23:08,936 [INFO] Progress: 1597/4498 (35.5%) | ok=1584 fail=13 | engines: bing=895 ddg=26 google=0 yandex=0 brave=0 | rate=2.5/s eta=1148s
2026-07-05 00:23:14,837 [INFO] Progress: 1606/4498 (35.7%) | ok=1593 fail=13 | engines: bing=904 ddg=26 google=0 yandex=0 brave=0 | rate=2.5/s eta=1149s
2026-07-05 00:23:19,895 [INFO] Progress: 1615/4498 (35.9%) | ok=1602 fail=13 | engines: bing=913 ddg=26 google=0 yandex=0 brave=0 | rate=2.5/s eta=1148s
2026-07-05 00:23:24,932 [INFO] Progress: 1622/4498 (36.1%) | ok=1609 fail=13 | engines: bing=920 ddg=26 google=0 yandex=0 brave=0 | rate=2.5/s eta=1149s
2026-07-05 00:23:30,832 [INFO] Progress: 1631/4498 (36.3%) | ok=1618 fail=13 | engines: bing=929 ddg=26 google=0 yandex=0 brave=0 | rate=2.5/s eta=1150s
2026-07-05 00:23:36,634 [INFO] Progress: 1638/4498 (36.4%) | ok=1625 fail=13 | engines: bing=936 ddg=26 google=0 yandex=0 brave=0 | rate=2.5/s eta=1152s
2026-07-05 00:23:41,913 [INFO] Progress: 1650/4498 (36.7%) | ok=1636 fail=14 | engines: bing=947 ddg=26 google=0 yandex=0 brave=0 | rate=2.5/s eta=1148s
2026-07-05 00:23:47,446 [INFO] Progress: 1657/4498 (36.8%) | ok=1643 fail=14 | engines: bing=954 ddg=26 google=0 yandex=0 brave=0 | rate=2.5/s eta=1150s
2026-07-05 00:23:52,607 [INFO] Progress: 1664/4498 (37.0%) | ok=1650 fail=14 | engines: bing=960 ddg=27 google=0 yandex=0 brave=0 | rate=2.5/s eta=1151s
2026-07-05 00:23:58,262 [INFO] Progress: 1674/4498 (37.2%) | ok=1660 fail=14 | engines: bing=970 ddg=27 google=0 yandex=0 brave=0 | rate=2.5/s eta=1150s
2026-07-05 00:24:03,971 [INFO] Progress: 1682/4498 (37.4%) | ok=1668 fail=14 | engines: bing=978 ddg=27 google=0 yandex=0 brave=0 | rate=2.4/s eta=1150s
2026-07-05 00:24:08,997 [INFO] Progress: 1691/4498 (37.6%) | ok=1677 fail=14 | engines: bing=987 ddg=27 google=0 yandex=0 brave=0 | rate=2.4/s eta=1149s
2026-07-05 00:24:14,176 [INFO] Progress: 1695/4498 (37.7%) | ok=1681 fail=14 | engines: bing=990 ddg=28 google=0 yandex=0 brave=0 | rate=2.4/s eta=1153s
2026-07-05 00:24:19,437 [INFO] Progress: 1704/4498 (37.9%) | ok=1689 fail=15 | engines: bing=998 ddg=28 google=0 yandex=0 brave=0 | rate=2.4/s eta=1152s
2026-07-05 00:24:24,589 [INFO] Progress: 1712/4498 (38.1%) | ok=1697 fail=15 | engines: bing=1006 ddg=28 google=0 yandex=0 brave=0 | rate=2.4/s eta=1152s
2026-07-05 00:24:29,645 [INFO] Progress: 1718/4498 (38.2%) | ok=1703 fail=15 | engines: bing=1012 ddg=28 google=0 yandex=0 brave=0 | rate=2.4/s eta=1154s
2026-07-05 00:24:34,969 [INFO] Progress: 1727/4498 (38.4%) | ok=1712 fail=15 | engines: bing=1021 ddg=28 google=0 yandex=0 brave=0 | rate=2.4/s eta=1152s
2026-07-05 00:24:41,159 [INFO] Progress: 1737/4498 (38.6%) | ok=1722 fail=15 | engines: bing=1031 ddg=28 google=0 yandex=0 brave=0 | rate=2.4/s eta=1151s
2026-07-05 00:24:46,224 [INFO] Progress: 1744/4498 (38.8%) | ok=1729 fail=15 | engines: bing=1038 ddg=28 google=0 yandex=0 brave=0 | rate=2.4/s eta=1152s
2026-07-05 00:24:51,514 [INFO] Progress: 1754/4498 (39.0%) | ok=1739 fail=15 | engines: bing=1047 ddg=29 google=0 yandex=0 brave=0 | rate=2.4/s eta=1149s
2026-07-05 00:24:56,590 [INFO] Progress: 1763/4498 (39.2%) | ok=1748 fail=15 | engines: bing=1056 ddg=29 google=0 yandex=0 brave=0 | rate=2.4/s eta=1148s
2026-07-05 00:25:01,991 [INFO] Progress: 1772/4498 (39.4%) | ok=1757 fail=15 | engines: bing=1065 ddg=29 google=0 yandex=0 brave=0 | rate=2.4/s eta=1146s
2026-07-05 00:25:07,254 [INFO] Progress: 1780/4498 (39.6%) | ok=1765 fail=15 | engines: bing=1073 ddg=29 google=0 yandex=0 brave=0 | rate=2.4/s eta=1146s
2026-07-05 00:25:12,850 [INFO] Progress: 1789/4498 (39.8%) | ok=1774 fail=15 | engines: bing=1082 ddg=29 google=0 yandex=0 brave=0 | rate=2.4/s eta=1145s
2026-07-05 00:25:17,973 [INFO] Progress: 1796/4498 (39.9%) | ok=1781 fail=15 | engines: bing=1089 ddg=29 google=0 yandex=0 brave=0 | rate=2.4/s eta=1145s
2026-07-05 00:25:23,909 [INFO] Progress: 1804/4498 (40.1%) | ok=1789 fail=15 | engines: bing=1097 ddg=29 google=0 yandex=0 brave=0 | rate=2.4/s eta=1146s
2026-07-05 00:25:29,609 [INFO] Progress: 1813/4498 (40.3%) | ok=1798 fail=15 | engines: bing=1104 ddg=31 google=0 yandex=0 brave=0 | rate=2.3/s eta=1145s
2026-07-05 00:25:35,168 [INFO] Progress: 1822/4498 (40.5%) | ok=1807 fail=15 | engines: bing=1113 ddg=31 google=0 yandex=0 brave=0 | rate=2.3/s eta=1143s
2026-07-05 00:25:40,581 [INFO] Progress: 1828/4498 (40.6%) | ok=1813 fail=15 | engines: bing=1119 ddg=31 google=0 yandex=0 brave=0 | rate=2.3/s eta=1145s
2026-07-05 00:25:46,224 [INFO] Progress: 1838/4498 (40.9%) | ok=1823 fail=15 | engines: bing=1129 ddg=31 google=0 yandex=0 brave=0 | rate=2.3/s eta=1142s
2026-07-05 00:25:51,617 [INFO] Progress: 1846/4498 (41.0%) | ok=1830 fail=16 | engines: bing=1136 ddg=31 google=0 yandex=0 brave=0 | rate=2.3/s eta=1142s
2026-07-05 00:25:57,090 [INFO] Progress: 1854/4498 (41.2%) | ok=1838 fail=16 | engines: bing=1144 ddg=31 google=0 yandex=0 brave=0 | rate=2.3/s eta=1141s
2026-07-05 00:26:02,174 [INFO] Progress: 1860/4498 (41.4%) | ok=1843 fail=17 | engines: bing=1149 ddg=31 google=0 yandex=0 brave=0 | rate=2.3/s eta=1142s
2026-07-05 00:26:08,959 [INFO] Progress: 1867/4498 (41.5%) | ok=1850 fail=17 | engines: bing=1156 ddg=31 google=0 yandex=0 brave=0 | rate=2.3/s eta=1145s
2026-07-05 00:26:14,213 [INFO] Progress: 1877/4498 (41.7%) | ok=1859 fail=18 | engines: bing=1165 ddg=31 google=0 yandex=0 brave=0 | rate=2.3/s eta=1141s
2026-07-05 00:26:19,649 [INFO] Progress: 1882/4498 (41.8%) | ok=1863 fail=19 | engines: bing=1169 ddg=31 google=0 yandex=0 brave=0 | rate=2.3/s eta=1144s
2026-07-05 00:26:25,402 [INFO] Progress: 1892/4498 (42.1%) | ok=1873 fail=19 | engines: bing=1179 ddg=31 google=0 yandex=0 brave=0 | rate=2.3/s eta=1141s
2026-07-05 00:26:31,015 [INFO] Progress: 1901/4498 (42.3%) | ok=1881 fail=20 | engines: bing=1187 ddg=31 google=0 yandex=0 brave=0 | rate=2.3/s eta=1140s
2026-07-05 00:26:36,915 [INFO] Progress: 1910/4498 (42.5%) | ok=1890 fail=20 | engines: bing=1196 ddg=31 google=0 yandex=0 brave=0 | rate=2.3/s eta=1138s
2026-07-05 00:26:41,926 [INFO] Progress: 1918/4498 (42.6%) | ok=1898 fail=20 | engines: bing=1203 ddg=32 google=0 yandex=0 brave=0 | rate=2.3/s eta=1137s
2026-07-05 00:26:47,153 [INFO] Progress: 1928/4498 (42.9%) | ok=1908 fail=20 | engines: bing=1212 ddg=33 google=0 yandex=0 brave=0 | rate=2.3/s eta=1134s
2026-07-05 00:26:53,146 [INFO] Progress: 1937/4498 (43.1%) | ok=1917 fail=20 | engines: bing=1220 ddg=34 google=0 yandex=0 brave=0 | rate=2.3/s eta=1132s
2026-07-05 00:26:58,222 [INFO] Progress: 1945/4498 (43.2%) | ok=1925 fail=20 | engines: bing=1228 ddg=34 google=0 yandex=0 brave=0 | rate=2.3/s eta=1131s
2026-07-05 00:27:03,575 [INFO] Progress: 1951/4498 (43.4%) | ok=1931 fail=20 | engines: bing=1234 ddg=34 google=0 yandex=0 brave=0 | rate=2.3/s eta=1132s
2026-07-05 00:27:10,466 [INFO] Progress: 1961/4498 (43.6%) | ok=1941 fail=20 | engines: bing=1244 ddg=34 google=0 yandex=0 brave=0 | rate=2.2/s eta=1130s
2026-07-05 00:27:15,933 [INFO] Progress: 1971/4498 (43.8%) | ok=1951 fail=20 | engines: bing=1254 ddg=34 google=0 yandex=0 brave=0 | rate=2.2/s eta=1127s
2026-07-05 00:27:21,181 [INFO] Progress: 1981/4498 (44.0%) | ok=1961 fail=20 | engines: bing=1264 ddg=34 google=0 yandex=0 brave=0 | rate=2.2/s eta=1124s
2026-07-05 00:27:26,201 [INFO] Progress: 1989/4498 (44.2%) | ok=1969 fail=20 | engines: bing=1272 ddg=34 google=0 yandex=0 brave=0 | rate=2.2/s eta=1122s
2026-07-05 00:27:31,795 [INFO] Progress: 1997/4498 (44.4%) | ok=1977 fail=20 | engines: bing=1280 ddg=34 google=0 yandex=0 brave=0 | rate=2.2/s eta=1121s
2026-07-05 00:27:37,415 [INFO] Progress: 2005/4498 (44.6%) | ok=1985 fail=20 | engines: bing=1288 ddg=34 google=0 yandex=0 brave=0 | rate=2.2/s eta=1120s
2026-07-05 00:27:43,214 [INFO] Progress: 2012/4498 (44.7%) | ok=1992 fail=20 | engines: bing=1295 ddg=34 google=0 yandex=0 brave=0 | rate=2.2/s eta=1120s
2026-07-05 00:27:48,654 [INFO] Progress: 2019/4498 (44.9%) | ok=1999 fail=20 | engines: bing=1301 ddg=35 google=0 yandex=0 brave=0 | rate=2.2/s eta=1120s
2026-07-05 00:27:53,822 [INFO] Progress: 2029/4498 (45.1%) | ok=2008 fail=21 | engines: bing=1310 ddg=35 google=0 yandex=0 brave=0 | rate=2.2/s eta=1116s
2026-07-05 00:27:59,096 [INFO] Progress: 2036/4498 (45.3%) | ok=2015 fail=21 | engines: bing=1317 ddg=35 google=0 yandex=0 brave=0 | rate=2.2/s eta=1115s
2026-07-05 00:28:05,368 [INFO] Progress: 2046/4498 (45.5%) | ok=2025 fail=21 | engines: bing=1327 ddg=35 google=0 yandex=0 brave=0 | rate=2.2/s eta=1113s
2026-07-05 00:28:11,203 [INFO] Progress: 2053/4498 (45.6%) | ok=2032 fail=21 | engines: bing=1334 ddg=35 google=0 yandex=0 brave=0 | rate=2.2/s eta=1113s
2026-07-05 00:28:16,844 [INFO] Progress: 2062/4498 (45.8%) | ok=2040 fail=22 | engines: bing=1342 ddg=35 google=0 yandex=0 brave=0 | rate=2.2/s eta=1111s
2026-07-05 00:28:22,226 [INFO] Progress: 2071/4498 (46.0%) | ok=2049 fail=22 | engines: bing=1351 ddg=35 google=0 yandex=0 brave=0 | rate=2.2/s eta=1108s
2026-07-05 00:28:27,333 [INFO] Progress: 2079/4498 (46.2%) | ok=2057 fail=22 | engines: bing=1359 ddg=35 google=0 yandex=0 brave=0 | rate=2.2/s eta=1106s
2026-07-05 00:28:32,722 [INFO] Progress: 2089/4498 (46.4%) | ok=2067 fail=22 | engines: bing=1369 ddg=35 google=0 yandex=0 brave=0 | rate=2.2/s eta=1102s
2026-07-05 00:28:37,759 [INFO] Progress: 2096/4498 (46.6%) | ok=2074 fail=22 | engines: bing=1376 ddg=35 google=0 yandex=0 brave=0 | rate=2.2/s eta=1101s
2026-07-05 00:28:43,450 [INFO] Progress: 2104/4498 (46.8%) | ok=2082 fail=22 | engines: bing=1384 ddg=35 google=0 yandex=0 brave=0 | rate=2.2/s eta=1100s
2026-07-05 00:28:48,468 [INFO] Progress: 2110/4498 (46.9%) | ok=2088 fail=22 | engines: bing=1390 ddg=35 google=0 yandex=0 brave=0 | rate=2.2/s eta=1100s
2026-07-05 00:28:53,672 [INFO] Progress: 2119/4498 (47.1%) | ok=2096 fail=23 | engines: bing=1398 ddg=35 google=0 yandex=0 brave=0 | rate=2.2/s eta=1097s
2026-07-05 00:29:00,290 [INFO] Progress: 2129/4498 (47.3%) | ok=2106 fail=23 | engines: bing=1408 ddg=35 google=0 yandex=0 brave=0 | rate=2.2/s eta=1094s
2026-07-05 00:29:07,015 [INFO] Progress: 2138/4498 (47.5%) | ok=2114 fail=24 | engines: bing=1416 ddg=35 google=0 yandex=0 brave=0 | rate=2.2/s eta=1093s
2026-07-05 00:29:12,051 [INFO] Progress: 2147/4498 (47.7%) | ok=2123 fail=24 | engines: bing=1425 ddg=35 google=0 yandex=0 brave=0 | rate=2.2/s eta=1090s
2026-07-05 00:29:17,088 [INFO] Progress: 2156/4498 (47.9%) | ok=2132 fail=24 | engines: bing=1434 ddg=35 google=0 yandex=0 brave=0 | rate=2.2/s eta=1087s
2026-07-05 00:29:22,156 [INFO] Progress: 2164/4498 (48.1%) | ok=2140 fail=24 | engines: bing=1442 ddg=35 google=0 yandex=0 brave=0 | rate=2.2/s eta=1084s
2026-07-05 00:29:27,286 [INFO] Progress: 2170/4498 (48.2%) | ok=2146 fail=24 | engines: bing=1448 ddg=35 google=0 yandex=0 brave=0 | rate=2.1/s eta=1084s
2026-07-05 00:29:32,746 [INFO] Progress: 2178/4498 (48.4%) | ok=2154 fail=24 | engines: bing=1455 ddg=36 google=0 yandex=0 brave=0 | rate=2.1/s eta=1082s
2026-07-05 00:29:37,807 [INFO] Progress: 2188/4498 (48.6%) | ok=2164 fail=24 | engines: bing=1465 ddg=36 google=0 yandex=0 brave=0 | rate=2.1/s eta=1078s
2026-07-05 00:29:43,159 [INFO] Progress: 2196/4498 (48.8%) | ok=2172 fail=24 | engines: bing=1473 ddg=36 google=0 yandex=0 brave=0 | rate=2.1/s eta=1076s
2026-07-05 00:29:48,386 [INFO] Progress: 2204/4498 (49.0%) | ok=2179 fail=25 | engines: bing=1480 ddg=36 google=0 yandex=0 brave=0 | rate=2.1/s eta=1074s
2026-07-05 00:29:53,511 [INFO] Progress: 2212/4498 (49.2%) | ok=2187 fail=25 | engines: bing=1488 ddg=36 google=0 yandex=0 brave=0 | rate=2.1/s eta=1071s
2026-07-05 00:29:58,621 [INFO] Progress: 2220/4498 (49.4%) | ok=2195 fail=25 | engines: bing=1496 ddg=36 google=0 yandex=0 brave=0 | rate=2.1/s eta=1069s
2026-07-05 00:30:03,784 [INFO] Progress: 2228/4498 (49.5%) | ok=2203 fail=25 | engines: bing=1504 ddg=36 google=0 yandex=0 brave=0 | rate=2.1/s eta=1067s
2026-07-05 00:30:09,068 [INFO] Progress: 2239/4498 (49.8%) | ok=2214 fail=25 | engines: bing=1515 ddg=36 google=0 yandex=0 brave=0 | rate=2.1/s eta=1062s
2026-07-05 00:30:14,327 [INFO] Progress: 2246/4498 (49.9%) | ok=2221 fail=25 | engines: bing=1521 ddg=37 google=0 yandex=0 brave=0 | rate=2.1/s eta=1060s
2026-07-05 00:30:19,500 [INFO] Progress: 2254/4498 (50.1%) | ok=2229 fail=25 | engines: bing=1528 ddg=38 google=0 yandex=0 brave=0 | rate=2.1/s eta=1058s
2026-07-05 00:30:25,395 [INFO] Progress: 2262/4498 (50.3%) | ok=2237 fail=25 | engines: bing=1536 ddg=38 google=0 yandex=0 brave=0 | rate=2.1/s eta=1056s
2026-07-05 00:30:30,776 [INFO] Progress: 2270/4498 (50.5%) | ok=2244 fail=26 | engines: bing=1543 ddg=38 google=0 yandex=0 brave=0 | rate=2.1/s eta=1054s
2026-07-05 00:30:37,272 [INFO] Progress: 2279/4498 (50.7%) | ok=2253 fail=26 | engines: bing=1552 ddg=38 google=0 yandex=0 brave=0 | rate=2.1/s eta=1052s
2026-07-05 00:30:42,823 [INFO] Progress: 2289/4498 (50.9%) | ok=2263 fail=26 | engines: bing=1562 ddg=38 google=0 yandex=0 brave=0 | rate=2.1/s eta=1048s
2026-07-05 00:30:47,962 [INFO] Progress: 2297/4498 (51.1%) | ok=2271 fail=26 | engines: bing=1570 ddg=38 google=0 yandex=0 brave=0 | rate=2.1/s eta=1046s
2026-07-05 00:30:53,056 [INFO] Progress: 2306/4498 (51.3%) | ok=2280 fail=26 | engines: bing=1579 ddg=38 google=0 yandex=0 brave=0 | rate=2.1/s eta=1042s
2026-07-05 00:30:58,661 [INFO] Progress: 2315/4498 (51.5%) | ok=2289 fail=26 | engines: bing=1588 ddg=38 google=0 yandex=0 brave=0 | rate=2.1/s eta=1039s
2026-07-05 00:31:03,919 [INFO] Progress: 2324/4498 (51.7%) | ok=2298 fail=26 | engines: bing=1596 ddg=39 google=0 yandex=0 brave=0 | rate=2.1/s eta=1036s
2026-07-05 00:31:09,159 [INFO] Progress: 2331/4498 (51.8%) | ok=2305 fail=26 | engines: bing=1603 ddg=39 google=0 yandex=0 brave=0 | rate=2.1/s eta=1034s
2026-07-05 00:31:14,839 [INFO] Progress: 2341/4498 (52.0%) | ok=2315 fail=26 | engines: bing=1613 ddg=39 google=0 yandex=0 brave=0 | rate=2.1/s eta=1030s
2026-07-05 00:31:20,214 [INFO] Progress: 2349/4498 (52.2%) | ok=2323 fail=26 | engines: bing=1621 ddg=39 google=0 yandex=0 brave=0 | rate=2.1/s eta=1028s
2026-07-05 00:31:25,466 [INFO] Progress: 2357/4498 (52.4%) | ok=2331 fail=26 | engines: bing=1629 ddg=39 google=0 yandex=0 brave=0 | rate=2.1/s eta=1025s
2026-07-05 00:31:30,893 [INFO] Progress: 2365/4498 (52.6%) | ok=2339 fail=26 | engines: bing=1637 ddg=39 google=0 yandex=0 brave=0 | rate=2.1/s eta=1023s
2026-07-05 00:31:36,269 [INFO] Progress: 2373/4498 (52.8%) | ok=2347 fail=26 | engines: bing=1645 ddg=39 google=0 yandex=0 brave=0 | rate=2.1/s eta=1020s
2026-07-05 00:31:41,926 [INFO] Progress: 2382/4498 (53.0%) | ok=2356 fail=26 | engines: bing=1654 ddg=39 google=0 yandex=0 brave=0 | rate=2.1/s eta=1017s
2026-07-05 00:31:47,544 [INFO] Progress: 2391/4498 (53.2%) | ok=2365 fail=26 | engines: bing=1663 ddg=39 google=0 yandex=0 brave=0 | rate=2.1/s eta=1014s
2026-07-05 00:31:52,591 [INFO] Progress: 2396/4498 (53.3%) | ok=2370 fail=26 | engines: bing=1668 ddg=39 google=0 yandex=0 brave=0 | rate=2.1/s eta=1014s
2026-07-05 00:31:57,768 [INFO] Progress: 2405/4498 (53.5%) | ok=2379 fail=26 | engines: bing=1676 ddg=40 google=0 yandex=0 brave=0 | rate=2.1/s eta=1010s
2026-07-05 00:32:02,964 [INFO] Progress: 2411/4498 (53.6%) | ok=2385 fail=26 | engines: bing=1682 ddg=40 google=0 yandex=0 brave=0 | rate=2.1/s eta=1009s
2026-07-05 00:32:08,026 [INFO] Progress: 2420/4498 (53.8%) | ok=2394 fail=26 | engines: bing=1690 ddg=41 google=0 yandex=0 brave=0 | rate=2.1/s eta=1006s
2026-07-05 00:32:13,453 [INFO] Progress: 2428/4498 (54.0%) | ok=2402 fail=26 | engines: bing=1698 ddg=41 google=0 yandex=0 brave=0 | rate=2.1/s eta=1003s
2026-07-05 00:32:18,534 [INFO] Progress: 2436/4498 (54.2%) | ok=2410 fail=26 | engines: bing=1706 ddg=41 google=0 yandex=0 brave=0 | rate=2.1/s eta=1000s
2026-07-05 00:32:23,674 [INFO] Progress: 2442/4498 (54.3%) | ok=2416 fail=26 | engines: bing=1712 ddg=41 google=0 yandex=0 brave=0 | rate=2.1/s eta=999s
2026-07-05 00:32:29,196 [INFO] Progress: 2451/4498 (54.5%) | ok=2425 fail=26 | engines: bing=1721 ddg=41 google=0 yandex=0 brave=0 | rate=2.1/s eta=996s
2026-07-05 00:32:34,286 [INFO] Progress: 2460/4498 (54.7%) | ok=2433 fail=27 | engines: bing=1729 ddg=41 google=0 yandex=0 brave=0 | rate=2.1/s eta=992s
2026-07-05 00:32:39,464 [INFO] Progress: 2466/4498 (54.8%) | ok=2439 fail=27 | engines: bing=1735 ddg=41 google=0 yandex=0 brave=0 | rate=2.1/s eta=991s
2026-07-05 00:32:45,328 [INFO] Progress: 2475/4498 (55.0%) | ok=2448 fail=27 | engines: bing=1744 ddg=41 google=0 yandex=0 brave=0 | rate=2.0/s eta=988s
2026-07-05 00:32:50,513 [INFO] Progress: 2485/4498 (55.2%) | ok=2458 fail=27 | engines: bing=1754 ddg=41 google=0 yandex=0 brave=0 | rate=2.0/s eta=983s
2026-07-05 00:32:56,634 [INFO] Progress: 2494/4498 (55.4%) | ok=2467 fail=27 | engines: bing=1763 ddg=41 google=0 yandex=0 brave=0 | rate=2.0/s eta=980s
2026-07-05 00:33:02,300 [INFO] Progress: 2501/4498 (55.6%) | ok=2474 fail=27 | engines: bing=1770 ddg=41 google=0 yandex=0 brave=0 | rate=2.0/s eta=979s
2026-07-05 00:33:07,483 [INFO] Progress: 2511/4498 (55.8%) | ok=2484 fail=27 | engines: bing=1780 ddg=41 google=0 yandex=0 brave=0 | rate=2.0/s eta=974s
2026-07-05 00:33:12,811 [INFO] Progress: 2519/4498 (56.0%) | ok=2492 fail=27 | engines: bing=1788 ddg=41 google=0 yandex=0 brave=0 | rate=2.0/s eta=971s
2026-07-05 00:33:18,703 [INFO] Progress: 2528/4498 (56.2%) | ok=2501 fail=27 | engines: bing=1797 ddg=41 google=0 yandex=0 brave=0 | rate=2.0/s eta=968s
2026-07-05 00:33:24,188 [INFO] Progress: 2532/4498 (56.3%) | ok=2505 fail=27 | engines: bing=1801 ddg=41 google=0 yandex=0 brave=0 | rate=2.0/s eta=969s
2026-07-05 00:33:29,921 [INFO] Progress: 2540/4498 (56.5%) | ok=2513 fail=27 | engines: bing=1809 ddg=41 google=0 yandex=0 brave=0 | rate=2.0/s eta=966s
2026-07-05 00:33:36,731 [INFO] Progress: 2548/4498 (56.6%) | ok=2521 fail=27 | engines: bing=1817 ddg=41 google=0 yandex=0 brave=0 | rate=2.0/s eta=964s
2026-07-05 00:33:41,931 [INFO] Progress: 2558/4498 (56.9%) | ok=2531 fail=27 | engines: bing=1827 ddg=41 google=0 yandex=0 brave=0 | rate=2.0/s eta=959s
2026-07-05 00:33:47,602 [INFO] Progress: 2566/4498 (57.0%) | ok=2539 fail=27 | engines: bing=1835 ddg=41 google=0 yandex=0 brave=0 | rate=2.0/s eta=957s
2026-07-05 00:33:53,500 [INFO] Progress: 2575/4498 (57.2%) | ok=2547 fail=28 | engines: bing=1843 ddg=41 google=0 yandex=0 brave=0 | rate=2.0/s eta=953s
2026-07-05 00:33:58,968 [INFO] Progress: 2583/4498 (57.4%) | ok=2555 fail=28 | engines: bing=1851 ddg=41 google=0 yandex=0 brave=0 | rate=2.0/s eta=951s
2026-07-05 00:34:04,210 [INFO] Progress: 2593/4498 (57.6%) | ok=2565 fail=28 | engines: bing=1861 ddg=41 google=0 yandex=0 brave=0 | rate=2.0/s eta=946s
2026-07-05 00:34:09,255 [INFO] Progress: 2600/4498 (57.8%) | ok=2572 fail=28 | engines: bing=1867 ddg=42 google=0 yandex=0 brave=0 | rate=2.0/s eta=943s
2026-07-05 00:34:14,543 [INFO] Progress: 2607/4498 (58.0%) | ok=2579 fail=28 | engines: bing=1874 ddg=42 google=0 yandex=0 brave=0 | rate=2.0/s eta=941s
2026-07-05 00:34:19,581 [INFO] Progress: 2617/4498 (58.2%) | ok=2589 fail=28 | engines: bing=1884 ddg=42 google=0 yandex=0 brave=0 | rate=2.0/s eta=936s
2026-07-05 00:34:25,095 [INFO] Progress: 2627/4498 (58.4%) | ok=2599 fail=28 | engines: bing=1894 ddg=42 google=0 yandex=0 brave=0 | rate=2.0/s eta=932s
2026-07-05 00:34:30,584 [INFO] Progress: 2633/4498 (58.5%) | ok=2605 fail=28 | engines: bing=1900 ddg=42 google=0 yandex=0 brave=0 | rate=2.0/s eta=931s
2026-07-05 00:34:36,061 [INFO] Progress: 2643/4498 (58.8%) | ok=2615 fail=28 | engines: bing=1910 ddg=42 google=0 yandex=0 brave=0 | rate=2.0/s eta=926s
2026-07-05 00:34:42,014 [INFO] Progress: 2652/4498 (59.0%) | ok=2624 fail=28 | engines: bing=1919 ddg=42 google=0 yandex=0 brave=0 | rate=2.0/s eta=922s
2026-07-05 00:34:47,569 [INFO] Progress: 2661/4498 (59.2%) | ok=2633 fail=28 | engines: bing=1928 ddg=42 google=0 yandex=0 brave=0 | rate=2.0/s eta=919s
2026-07-05 00:34:52,813 [INFO] Progress: 2669/4498 (59.3%) | ok=2641 fail=28 | engines: bing=1936 ddg=42 google=0 yandex=0 brave=0 | rate=2.0/s eta=916s
2026-07-05 00:34:58,705 [INFO] Progress: 2678/4498 (59.5%) | ok=2650 fail=28 | engines: bing=1945 ddg=42 google=0 yandex=0 brave=0 | rate=2.0/s eta=912s
2026-07-05 00:35:03,752 [INFO] Progress: 2685/4498 (59.7%) | ok=2657 fail=28 | engines: bing=1952 ddg=42 google=0 yandex=0 brave=0 | rate=2.0/s eta=910s
2026-07-05 00:35:09,186 [INFO] Progress: 2694/4498 (59.9%) | ok=2666 fail=28 | engines: bing=1961 ddg=42 google=0 yandex=0 brave=0 | rate=2.0/s eta=906s
2026-07-05 00:35:14,333 [INFO] Progress: 2704/4498 (60.1%) | ok=2676 fail=28 | engines: bing=1971 ddg=42 google=0 yandex=0 brave=0 | rate=2.0/s eta=901s
2026-07-05 00:35:20,306 [INFO] Progress: 2711/4498 (60.3%) | ok=2683 fail=28 | engines: bing=1978 ddg=42 google=0 yandex=0 brave=0 | rate=2.0/s eta=899s
2026-07-05 00:35:25,314 [INFO] Progress: 2720/4498 (60.5%) | ok=2692 fail=28 | engines: bing=1987 ddg=42 google=0 yandex=0 brave=0 | rate=2.0/s eta=895s
2026-07-05 00:35:30,347 [INFO] Progress: 2728/4498 (60.6%) | ok=2700 fail=28 | engines: bing=1995 ddg=42 google=0 yandex=0 brave=0 | rate=2.0/s eta=891s
2026-07-05 00:35:35,634 [INFO] Progress: 2737/4498 (60.8%) | ok=2709 fail=28 | engines: bing=2004 ddg=42 google=0 yandex=0 brave=0 | rate=2.0/s eta=887s
2026-07-05 00:35:41,994 [INFO] Progress: 2746/4498 (61.0%) | ok=2718 fail=28 | engines: bing=2013 ddg=42 google=0 yandex=0 brave=0 | rate=2.0/s eta=884s
2026-07-05 00:35:47,101 [INFO] Progress: 2754/4498 (61.2%) | ok=2726 fail=28 | engines: bing=2021 ddg=42 google=0 yandex=0 brave=0 | rate=2.0/s eta=880s
2026-07-05 00:35:52,602 [INFO] Progress: 2763/4498 (61.4%) | ok=2735 fail=28 | engines: bing=2030 ddg=42 google=0 yandex=0 brave=0 | rate=2.0/s eta=876s
2026-07-05 00:35:58,351 [INFO] Progress: 2769/4498 (61.6%) | ok=2741 fail=28 | engines: bing=2036 ddg=42 google=0 yandex=0 brave=0 | rate=2.0/s eta=875s
2026-07-05 00:36:03,975 [INFO] Progress: 2778/4498 (61.8%) | ok=2750 fail=28 | engines: bing=2045 ddg=42 google=0 yandex=0 brave=0 | rate=2.0/s eta=871s
2026-07-05 00:36:08,999 [INFO] Progress: 2786/4498 (61.9%) | ok=2758 fail=28 | engines: bing=2053 ddg=42 google=0 yandex=0 brave=0 | rate=2.0/s eta=868s
2026-07-05 00:36:15,109 [INFO] Progress: 2797/4498 (62.2%) | ok=2769 fail=28 | engines: bing=2064 ddg=42 google=0 yandex=0 brave=0 | rate=2.0/s eta=863s
2026-07-05 00:36:20,747 [INFO] Progress: 2806/4498 (62.4%) | ok=2778 fail=28 | engines: bing=2073 ddg=42 google=0 yandex=0 brave=0 | rate=2.0/s eta=859s
2026-07-05 00:36:25,773 [INFO] Progress: 2815/4498 (62.6%) | ok=2787 fail=28 | engines: bing=2082 ddg=42 google=0 yandex=0 brave=0 | rate=2.0/s eta=854s
2026-07-05 00:36:31,105 [INFO] Progress: 2821/4498 (62.7%) | ok=2793 fail=28 | engines: bing=2088 ddg=42 google=0 yandex=0 brave=0 | rate=2.0/s eta=853s
2026-07-05 00:36:37,663 [INFO] Progress: 2831/4498 (62.9%) | ok=2803 fail=28 | engines: bing=2098 ddg=42 google=0 yandex=0 brave=0 | rate=2.0/s eta=848s
2026-07-05 00:36:43,784 [INFO] Progress: 2841/4498 (63.2%) | ok=2813 fail=28 | engines: bing=2108 ddg=42 google=0 yandex=0 brave=0 | rate=2.0/s eta=844s
2026-07-05 00:36:49,186 [INFO] Progress: 2849/4498 (63.3%) | ok=2821 fail=28 | engines: bing=2116 ddg=42 google=0 yandex=0 brave=0 | rate=2.0/s eta=841s
2026-07-05 00:36:54,395 [INFO] Progress: 2857/4498 (63.5%) | ok=2829 fail=28 | engines: bing=2124 ddg=42 google=0 yandex=0 brave=0 | rate=2.0/s eta=837s
2026-07-05 00:36:59,618 [INFO] Progress: 2864/4498 (63.7%) | ok=2836 fail=28 | engines: bing=2131 ddg=42 google=0 yandex=0 brave=0 | rate=2.0/s eta=835s
2026-07-05 00:37:05,114 [INFO] Progress: 2872/4498 (63.9%) | ok=2844 fail=28 | engines: bing=2139 ddg=42 google=0 yandex=0 brave=0 | rate=2.0/s eta=831s
2026-07-05 00:37:10,164 [INFO] Progress: 2880/4498 (64.0%) | ok=2852 fail=28 | engines: bing=2147 ddg=42 google=0 yandex=0 brave=0 | rate=2.0/s eta=828s
2026-07-05 00:37:15,655 [INFO] Progress: 2889/4498 (64.2%) | ok=2861 fail=28 | engines: bing=2156 ddg=42 google=0 yandex=0 brave=0 | rate=2.0/s eta=824s
2026-07-05 00:37:21,036 [INFO] Progress: 2895/4498 (64.4%) | ok=2867 fail=28 | engines: bing=2162 ddg=42 google=0 yandex=0 brave=0 | rate=2.0/s eta=822s
2026-07-05 00:37:26,895 [INFO] Progress: 2906/4498 (64.6%) | ok=2878 fail=28 | engines: bing=2173 ddg=42 google=0 yandex=0 brave=0 | rate=2.0/s eta=816s
2026-07-05 00:37:32,704 [INFO] Progress: 2914/4498 (64.8%) | ok=2886 fail=28 | engines: bing=2181 ddg=42 google=0 yandex=0 brave=0 | rate=1.9/s eta=813s
2026-07-05 00:37:39,757 [INFO] Progress: 2922/4498 (65.0%) | ok=2894 fail=28 | engines: bing=2189 ddg=42 google=0 yandex=0 brave=0 | rate=1.9/s eta=811s
2026-07-05 00:37:44,947 [INFO] Progress: 2930/4498 (65.1%) | ok=2902 fail=28 | engines: bing=2197 ddg=42 google=0 yandex=0 brave=0 | rate=1.9/s eta=807s
2026-07-05 00:37:50,461 [INFO] Progress: 2936/4498 (65.3%) | ok=2907 fail=29 | engines: bing=2202 ddg=42 google=0 yandex=0 brave=0 | rate=1.9/s eta=805s
2026-07-05 00:37:55,934 [INFO] Progress: 2946/4498 (65.5%) | ok=2917 fail=29 | engines: bing=2211 ddg=43 google=0 yandex=0 brave=0 | rate=1.9/s eta=800s
2026-07-05 00:38:01,167 [INFO] Progress: 2956/4498 (65.7%) | ok=2927 fail=29 | engines: bing=2221 ddg=43 google=0 yandex=0 brave=0 | rate=1.9/s eta=795s
2026-07-05 00:38:06,609 [INFO] Progress: 2962/4498 (65.9%) | ok=2933 fail=29 | engines: bing=2227 ddg=43 google=0 yandex=0 brave=0 | rate=1.9/s eta=793s
2026-07-05 00:38:11,657 [INFO] Progress: 2969/4498 (66.0%) | ok=2940 fail=29 | engines: bing=2234 ddg=43 google=0 yandex=0 brave=0 | rate=1.9/s eta=790s
2026-07-05 00:38:16,872 [INFO] Progress: 2978/4498 (66.2%) | ok=2949 fail=29 | engines: bing=2243 ddg=43 google=0 yandex=0 brave=0 | rate=1.9/s eta=786s
2026-07-05 00:38:22,610 [INFO] Progress: 2987/4498 (66.4%) | ok=2958 fail=29 | engines: bing=2252 ddg=43 google=0 yandex=0 brave=0 | rate=1.9/s eta=782s
2026-07-05 00:38:27,719 [INFO] Progress: 2995/4498 (66.6%) | ok=2966 fail=29 | engines: bing=2260 ddg=43 google=0 yandex=0 brave=0 | rate=1.9/s eta=778s
2026-07-05 00:38:33,381 [INFO] Progress: 3004/4498 (66.8%) | ok=2975 fail=29 | engines: bing=2269 ddg=43 google=0 yandex=0 brave=0 | rate=1.9/s eta=774s
2026-07-05 00:38:38,961 [INFO] Progress: 3013/4498 (67.0%) | ok=2984 fail=29 | engines: bing=2278 ddg=43 google=0 yandex=0 brave=0 | rate=1.9/s eta=770s
2026-07-05 00:38:44,131 [INFO] Progress: 3022/4498 (67.2%) | ok=2993 fail=29 | engines: bing=2287 ddg=43 google=0 yandex=0 brave=0 | rate=1.9/s eta=766s
2026-07-05 00:38:49,164 [INFO] Progress: 3028/4498 (67.3%) | ok=2999 fail=29 | engines: bing=2293 ddg=43 google=0 yandex=0 brave=0 | rate=1.9/s eta=763s
2026-07-05 00:38:54,554 [INFO] Progress: 3039/4498 (67.6%) | ok=3010 fail=29 | engines: bing=2304 ddg=43 google=0 yandex=0 brave=0 | rate=1.9/s eta=757s
2026-07-05 00:39:00,048 [INFO] Progress: 3048/4498 (67.8%) | ok=3019 fail=29 | engines: bing=2313 ddg=43 google=0 yandex=0 brave=0 | rate=1.9/s eta=753s
2026-07-05 00:39:05,804 [INFO] Progress: 3056/4498 (67.9%) | ok=3027 fail=29 | engines: bing=2321 ddg=43 google=0 yandex=0 brave=0 | rate=1.9/s eta=750s
2026-07-05 00:39:10,883 [INFO] Progress: 3063/4498 (68.1%) | ok=3034 fail=29 | engines: bing=2328 ddg=43 google=0 yandex=0 brave=0 | rate=1.9/s eta=747s
2026-07-05 00:39:16,390 [INFO] Progress: 3072/4498 (68.3%) | ok=3043 fail=29 | engines: bing=2337 ddg=43 google=0 yandex=0 brave=0 | rate=1.9/s eta=743s
2026-07-05 00:39:21,526 [INFO] Progress: 3078/4498 (68.4%) | ok=3049 fail=29 | engines: bing=2343 ddg=43 google=0 yandex=0 brave=0 | rate=1.9/s eta=740s
2026-07-05 00:39:27,351 [INFO] Progress: 3088/4498 (68.7%) | ok=3059 fail=29 | engines: bing=2353 ddg=43 google=0 yandex=0 brave=0 | rate=1.9/s eta=735s
2026-07-05 00:39:32,907 [INFO] Progress: 3095/4498 (68.8%) | ok=3066 fail=29 | engines: bing=2360 ddg=43 google=0 yandex=0 brave=0 | rate=1.9/s eta=733s
2026-07-05 00:39:38,402 [INFO] Progress: 3106/4498 (69.1%) | ok=3077 fail=29 | engines: bing=2371 ddg=43 google=0 yandex=0 brave=0 | rate=1.9/s eta=727s
2026-07-05 00:39:43,720 [INFO] Progress: 3114/4498 (69.2%) | ok=3085 fail=29 | engines: bing=2379 ddg=43 google=0 yandex=0 brave=0 | rate=1.9/s eta=723s
2026-07-05 00:39:48,793 [INFO] Progress: 3122/4498 (69.4%) | ok=3093 fail=29 | engines: bing=2387 ddg=43 google=0 yandex=0 brave=0 | rate=1.9/s eta=719s
2026-07-05 00:39:54,272 [INFO] Progress: 3130/4498 (69.6%) | ok=3101 fail=29 | engines: bing=2395 ddg=43 google=0 yandex=0 brave=0 | rate=1.9/s eta=716s
2026-07-05 00:39:59,895 [INFO] Progress: 3138/4498 (69.8%) | ok=3108 fail=30 | engines: bing=2402 ddg=43 google=0 yandex=0 brave=0 | rate=1.9/s eta=712s
2026-07-05 00:40:05,068 [INFO] Progress: 3147/4498 (70.0%) | ok=3117 fail=30 | engines: bing=2411 ddg=43 google=0 yandex=0 brave=0 | rate=1.9/s eta=708s
2026-07-05 00:40:10,325 [INFO] Progress: 3153/4498 (70.1%) | ok=3123 fail=30 | engines: bing=2417 ddg=43 google=0 yandex=0 brave=0 | rate=1.9/s eta=705s
2026-07-05 00:40:16,271 [INFO] Progress: 3162/4498 (70.3%) | ok=3132 fail=30 | engines: bing=2426 ddg=43 google=0 yandex=0 brave=0 | rate=1.9/s eta=701s
2026-07-05 00:40:21,332 [INFO] Progress: 3170/4498 (70.5%) | ok=3140 fail=30 | engines: bing=2434 ddg=43 google=0 yandex=0 brave=0 | rate=1.9/s eta=697s
2026-07-05 00:40:26,503 [INFO] Progress: 3178/4498 (70.7%) | ok=3148 fail=30 | engines: bing=2442 ddg=43 google=0 yandex=0 brave=0 | rate=1.9/s eta=694s
2026-07-05 00:40:31,880 [INFO] Progress: 3185/4498 (70.8%) | ok=3155 fail=30 | engines: bing=2449 ddg=43 google=0 yandex=0 brave=0 | rate=1.9/s eta=691s
2026-07-05 00:40:37,348 [INFO] Progress: 3194/4498 (71.0%) | ok=3164 fail=30 | engines: bing=2457 ddg=44 google=0 yandex=0 brave=0 | rate=1.9/s eta=686s
2026-07-05 00:40:42,383 [INFO] Progress: 3200/4498 (71.1%) | ok=3170 fail=30 | engines: bing=2463 ddg=44 google=0 yandex=0 brave=0 | rate=1.9/s eta=684s
2026-07-05 00:40:47,768 [INFO] Progress: 3211/4498 (71.4%) | ok=3181 fail=30 | engines: bing=2474 ddg=44 google=0 yandex=0 brave=0 | rate=1.9/s eta=678s
2026-07-05 00:40:53,640 [INFO] Progress: 3220/4498 (71.6%) | ok=3190 fail=30 | engines: bing=2483 ddg=44 google=0 yandex=0 brave=0 | rate=1.9/s eta=673s
2026-07-05 00:40:59,098 [INFO] Progress: 3229/4498 (71.8%) | ok=3199 fail=30 | engines: bing=2492 ddg=44 google=0 yandex=0 brave=0 | rate=1.9/s eta=669s
2026-07-05 00:41:04,574 [INFO] Progress: 3239/4498 (72.0%) | ok=3209 fail=30 | engines: bing=2502 ddg=44 google=0 yandex=0 brave=0 | rate=1.9/s eta=664s
2026-07-05 00:41:11,174 [INFO] Progress: 3248/4498 (72.2%) | ok=3218 fail=30 | engines: bing=2511 ddg=44 google=0 yandex=0 brave=0 | rate=1.9/s eta=660s
2026-07-05 00:41:16,331 [INFO] Progress: 3257/4498 (72.4%) | ok=3227 fail=30 | engines: bing=2520 ddg=44 google=0 yandex=0 brave=0 | rate=1.9/s eta=655s
2026-07-05 00:41:21,410 [INFO] Progress: 3265/4498 (72.6%) | ok=3235 fail=30 | engines: bing=2528 ddg=44 google=0 yandex=0 brave=0 | rate=1.9/s eta=651s
2026-07-05 00:41:27,109 [INFO] Progress: 3276/4498 (72.8%) | ok=3246 fail=30 | engines: bing=2539 ddg=44 google=0 yandex=0 brave=0 | rate=1.9/s eta=645s
2026-07-05 00:41:32,599 [INFO] Progress: 3285/4498 (73.0%) | ok=3255 fail=30 | engines: bing=2548 ddg=44 google=0 yandex=0 brave=0 | rate=1.9/s eta=641s
2026-07-05 00:41:37,717 [INFO] Progress: 3291/4498 (73.2%) | ok=3261 fail=30 | engines: bing=2554 ddg=44 google=0 yandex=0 brave=0 | rate=1.9/s eta=638s
2026-07-05 00:41:43,101 [INFO] Progress: 3301/4498 (73.4%) | ok=3271 fail=30 | engines: bing=2564 ddg=44 google=0 yandex=0 brave=0 | rate=1.9/s eta=633s
2026-07-05 00:41:48,292 [INFO] Progress: 3307/4498 (73.5%) | ok=3277 fail=30 | engines: bing=2570 ddg=44 google=0 yandex=0 brave=0 | rate=1.9/s eta=631s
2026-07-05 00:41:53,324 [INFO] Progress: 3315/4498 (73.7%) | ok=3285 fail=30 | engines: bing=2578 ddg=44 google=0 yandex=0 brave=0 | rate=1.9/s eta=627s
2026-07-05 00:41:59,069 [INFO] Progress: 3326/4498 (73.9%) | ok=3296 fail=30 | engines: bing=2589 ddg=44 google=0 yandex=0 brave=0 | rate=1.9/s eta=621s
2026-07-05 00:42:05,415 [INFO] Progress: 3332/4498 (74.1%) | ok=3302 fail=30 | engines: bing=2595 ddg=44 google=0 yandex=0 brave=0 | rate=1.9/s eta=619s
2026-07-05 00:42:10,696 [INFO] Progress: 3340/4498 (74.3%) | ok=3309 fail=31 | engines: bing=2601 ddg=45 google=0 yandex=0 brave=0 | rate=1.9/s eta=615s
2026-07-05 00:42:16,894 [INFO] Progress: 3348/4498 (74.4%) | ok=3317 fail=31 | engines: bing=2609 ddg=45 google=0 yandex=0 brave=0 | rate=1.9/s eta=611s
2026-07-05 00:42:22,045 [INFO] Progress: 3357/4498 (74.6%) | ok=3326 fail=31 | engines: bing=2618 ddg=45 google=0 yandex=0 brave=0 | rate=1.9/s eta=607s
2026-07-05 00:42:27,369 [INFO] Progress: 3365/4498 (74.8%) | ok=3334 fail=31 | engines: bing=2626 ddg=45 google=0 yandex=0 brave=0 | rate=1.9/s eta=603s
2026-07-05 00:42:33,332 [INFO] Progress: 3375/4498 (75.0%) | ok=3344 fail=31 | engines: bing=2636 ddg=45 google=0 yandex=0 brave=0 | rate=1.9/s eta=598s
2026-07-05 00:42:39,799 [INFO] Progress: 3384/4498 (75.2%) | ok=3353 fail=31 | engines: bing=2645 ddg=45 google=0 yandex=0 brave=0 | rate=1.9/s eta=594s
2026-07-05 00:42:44,986 [INFO] Progress: 3392/4498 (75.4%) | ok=3361 fail=31 | engines: bing=2653 ddg=45 google=0 yandex=0 brave=0 | rate=1.9/s eta=590s
2026-07-05 00:42:51,111 [INFO] Progress: 3401/4498 (75.6%) | ok=3369 fail=32 | engines: bing=2661 ddg=45 google=0 yandex=0 brave=0 | rate=1.9/s eta=585s
2026-07-05 00:42:56,811 [INFO] Progress: 3410/4498 (75.8%) | ok=3378 fail=32 | engines: bing=2670 ddg=45 google=0 yandex=0 brave=0 | rate=1.9/s eta=581s
2026-07-05 00:43:02,202 [INFO] Progress: 3420/4498 (76.0%) | ok=3388 fail=32 | engines: bing=2680 ddg=45 google=0 yandex=0 brave=0 | rate=1.9/s eta=575s
2026-07-05 00:43:07,976 [INFO] Progress: 3428/4498 (76.2%) | ok=3396 fail=32 | engines: bing=2688 ddg=45 google=0 yandex=0 brave=0 | rate=1.9/s eta=572s
2026-07-05 00:43:14,095 [INFO] Progress: 3439/4498 (76.5%) | ok=3407 fail=32 | engines: bing=2699 ddg=45 google=0 yandex=0 brave=0 | rate=1.9/s eta=566s
2026-07-05 00:43:19,799 [INFO] Progress: 3449/4498 (76.7%) | ok=3417 fail=32 | engines: bing=2709 ddg=45 google=0 yandex=0 brave=0 | rate=1.9/s eta=561s
2026-07-05 00:43:25,428 [INFO] Progress: 3459/4498 (76.9%) | ok=3427 fail=32 | engines: bing=2719 ddg=45 google=0 yandex=0 brave=0 | rate=1.9/s eta=555s
2026-07-05 00:43:31,139 [INFO] Progress: 3467/4498 (77.1%) | ok=3435 fail=32 | engines: bing=2727 ddg=45 google=0 yandex=0 brave=0 | rate=1.9/s eta=551s
2026-07-05 00:43:36,451 [INFO] Progress: 3473/4498 (77.2%) | ok=3441 fail=32 | engines: bing=2733 ddg=45 google=0 yandex=0 brave=0 | rate=1.9/s eta=549s
2026-07-05 00:43:43,738 [INFO] Progress: 3483/4498 (77.4%) | ok=3451 fail=32 | engines: bing=2743 ddg=45 google=0 yandex=0 brave=0 | rate=1.9/s eta=544s
2026-07-05 00:43:49,158 [INFO] Progress: 3490/4498 (77.6%) | ok=3458 fail=32 | engines: bing=2750 ddg=45 google=0 yandex=0 brave=0 | rate=1.9/s eta=541s
2026-07-05 00:43:54,824 [INFO] Progress: 3501/4498 (77.8%) | ok=3469 fail=32 | engines: bing=2760 ddg=46 google=0 yandex=0 brave=0 | rate=1.9/s eta=535s
2026-07-05 00:44:00,050 [INFO] Progress: 3510/4498 (78.0%) | ok=3478 fail=32 | engines: bing=2769 ddg=46 google=0 yandex=0 brave=0 | rate=1.9/s eta=530s
2026-07-05 00:44:05,176 [INFO] Progress: 3518/4498 (78.2%) | ok=3486 fail=32 | engines: bing=2777 ddg=46 google=0 yandex=0 brave=0 | rate=1.9/s eta=526s
2026-07-05 00:44:10,376 [INFO] Progress: 3525/4498 (78.4%) | ok=3493 fail=32 | engines: bing=2783 ddg=47 google=0 yandex=0 brave=0 | rate=1.9/s eta=523s
2026-07-05 00:44:15,955 [INFO] Progress: 3531/4498 (78.5%) | ok=3499 fail=32 | engines: bing=2789 ddg=47 google=0 yandex=0 brave=0 | rate=1.9/s eta=520s
2026-07-05 00:44:21,152 [INFO] Progress: 3541/4498 (78.7%) | ok=3509 fail=32 | engines: bing=2799 ddg=47 google=0 yandex=0 brave=0 | rate=1.9/s eta=515s
2026-07-05 00:44:26,322 [INFO] Progress: 3551/4498 (78.9%) | ok=3519 fail=32 | engines: bing=2809 ddg=47 google=0 yandex=0 brave=0 | rate=1.9/s eta=509s
2026-07-05 00:44:31,696 [INFO] Progress: 3562/4498 (79.2%) | ok=3530 fail=32 | engines: bing=2819 ddg=48 google=0 yandex=0 brave=0 | rate=1.9/s eta=503s
2026-07-05 00:44:36,843 [INFO] Progress: 3569/4498 (79.3%) | ok=3537 fail=32 | engines: bing=2826 ddg=48 google=0 yandex=0 brave=0 | rate=1.9/s eta=500s
2026-07-05 00:44:42,530 [INFO] Progress: 3578/4498 (79.5%) | ok=3546 fail=32 | engines: bing=2835 ddg=48 google=0 yandex=0 brave=0 | rate=1.9/s eta=495s
2026-07-05 00:44:48,321 [INFO] Progress: 3587/4498 (79.7%) | ok=3555 fail=32 | engines: bing=2844 ddg=48 google=0 yandex=0 brave=0 | rate=1.9/s eta=491s
2026-07-05 00:44:53,783 [INFO] Progress: 3593/4498 (79.9%) | ok=3561 fail=32 | engines: bing=2850 ddg=48 google=0 yandex=0 brave=0 | rate=1.9/s eta=488s
2026-07-05 00:44:59,140 [INFO] Progress: 3600/4498 (80.0%) | ok=3566 fail=34 | engines: bing=2854 ddg=49 google=0 yandex=0 brave=0 | rate=1.9/s eta=485s
2026-07-05 00:45:04,697 [INFO] Progress: 3609/4498 (80.2%) | ok=3575 fail=34 | engines: bing=2862 ddg=50 google=0 yandex=0 brave=0 | rate=1.9/s eta=480s
2026-07-05 00:45:09,777 [INFO] Progress: 3617/4498 (80.4%) | ok=3583 fail=34 | engines: bing=2870 ddg=50 google=0 yandex=0 brave=0 | rate=1.9/s eta=476s
2026-07-05 00:45:15,572 [INFO] Progress: 3624/4498 (80.6%) | ok=3590 fail=34 | engines: bing=2877 ddg=50 google=0 yandex=0 brave=0 | rate=1.9/s eta=472s
2026-07-05 00:45:21,291 [INFO] Progress: 3632/4498 (80.7%) | ok=3598 fail=34 | engines: bing=2885 ddg=50 google=0 yandex=0 brave=0 | rate=1.8/s eta=468s
2026-07-05 00:45:26,682 [INFO] Progress: 3641/4498 (80.9%) | ok=3607 fail=34 | engines: bing=2894 ddg=50 google=0 yandex=0 brave=0 | rate=1.8/s eta=464s
2026-07-05 00:45:32,221 [INFO] Progress: 3648/4498 (81.1%) | ok=3614 fail=34 | engines: bing=2900 ddg=51 google=0 yandex=0 brave=0 | rate=1.8/s eta=460s
2026-07-05 00:45:37,594 [INFO] Progress: 3657/4498 (81.3%) | ok=3623 fail=34 | engines: bing=2909 ddg=51 google=0 yandex=0 brave=0 | rate=1.8/s eta=456s
2026-07-05 00:45:43,212 [INFO] Progress: 3664/4498 (81.5%) | ok=3630 fail=34 | engines: bing=2916 ddg=51 google=0 yandex=0 brave=0 | rate=1.8/s eta=452s
2026-07-05 00:45:49,185 [INFO] Progress: 3673/4498 (81.7%) | ok=3639 fail=34 | engines: bing=2925 ddg=51 google=0 yandex=0 brave=0 | rate=1.8/s eta=448s
2026-07-05 00:45:54,271 [INFO] Progress: 3684/4498 (81.9%) | ok=3650 fail=34 | engines: bing=2936 ddg=51 google=0 yandex=0 brave=0 | rate=1.8/s eta=441s
2026-07-05 00:45:59,523 [INFO] Progress: 3692/4498 (82.1%) | ok=3658 fail=34 | engines: bing=2944 ddg=51 google=0 yandex=0 brave=0 | rate=1.8/s eta=437s
2026-07-05 00:46:04,874 [INFO] Progress: 3700/4498 (82.3%) | ok=3666 fail=34 | engines: bing=2951 ddg=52 google=0 yandex=0 brave=0 | rate=1.8/s eta=433s
2026-07-05 00:46:10,664 [INFO] Progress: 3708/4498 (82.4%) | ok=3674 fail=34 | engines: bing=2959 ddg=52 google=0 yandex=0 brave=0 | rate=1.8/s eta=429s
2026-07-05 00:46:15,690 [INFO] Progress: 3717/4498 (82.6%) | ok=3683 fail=34 | engines: bing=2968 ddg=52 google=0 yandex=0 brave=0 | rate=1.8/s eta=424s
2026-07-05 00:46:21,220 [INFO] Progress: 3722/4498 (82.7%) | ok=3688 fail=34 | engines: bing=2973 ddg=52 google=0 yandex=0 brave=0 | rate=1.8/s eta=422s
2026-07-05 00:46:26,318 [INFO] Progress: 3729/4498 (82.9%) | ok=3695 fail=34 | engines: bing=2980 ddg=52 google=0 yandex=0 brave=0 | rate=1.8/s eta=419s
2026-07-05 00:46:31,524 [INFO] Progress: 3737/4498 (83.1%) | ok=3703 fail=34 | engines: bing=2988 ddg=52 google=0 yandex=0 brave=0 | rate=1.8/s eta=414s
2026-07-05 00:46:36,735 [INFO] Progress: 3747/4498 (83.3%) | ok=3713 fail=34 | engines: bing=2998 ddg=52 google=0 yandex=0 brave=0 | rate=1.8/s eta=409s
2026-07-05 00:46:41,910 [INFO] Progress: 3753/4498 (83.4%) | ok=3719 fail=34 | engines: bing=3004 ddg=52 google=0 yandex=0 brave=0 | rate=1.8/s eta=406s
2026-07-05 00:46:47,027 [INFO] Progress: 3763/4498 (83.7%) | ok=3729 fail=34 | engines: bing=3014 ddg=52 google=0 yandex=0 brave=0 | rate=1.8/s eta=400s
2026-07-05 00:46:52,199 [INFO] Progress: 3772/4498 (83.9%) | ok=3738 fail=34 | engines: bing=3023 ddg=52 google=0 yandex=0 brave=0 | rate=1.8/s eta=396s
2026-07-05 00:46:58,039 [INFO] Progress: 3781/4498 (84.1%) | ok=3747 fail=34 | engines: bing=3032 ddg=52 google=0 yandex=0 brave=0 | rate=1.8/s eta=391s
2026-07-05 00:47:03,054 [INFO] Progress: 3789/4498 (84.2%) | ok=3755 fail=34 | engines: bing=3040 ddg=52 google=0 yandex=0 brave=0 | rate=1.8/s eta=387s
2026-07-05 00:47:08,264 [INFO] Progress: 3797/4498 (84.4%) | ok=3763 fail=34 | engines: bing=3048 ddg=52 google=0 yandex=0 brave=0 | rate=1.8/s eta=382s
2026-07-05 00:47:13,575 [INFO] Progress: 3803/4498 (84.5%) | ok=3769 fail=34 | engines: bing=3054 ddg=52 google=0 yandex=0 brave=0 | rate=1.8/s eta=380s
2026-07-05 00:47:18,605 [INFO] Progress: 3812/4498 (84.7%) | ok=3778 fail=34 | engines: bing=3062 ddg=53 google=0 yandex=0 brave=0 | rate=1.8/s eta=375s
2026-07-05 00:47:26,030 [INFO] Progress: 3821/4498 (84.9%) | ok=3787 fail=34 | engines: bing=3071 ddg=53 google=0 yandex=0 brave=0 | rate=1.8/s eta=370s
2026-07-05 00:47:31,567 [INFO] Progress: 3830/4498 (85.1%) | ok=3796 fail=34 | engines: bing=3080 ddg=53 google=0 yandex=0 brave=0 | rate=1.8/s eta=365s
2026-07-05 00:47:37,249 [INFO] Progress: 3839/4498 (85.3%) | ok=3805 fail=34 | engines: bing=3089 ddg=53 google=0 yandex=0 brave=0 | rate=1.8/s eta=361s
2026-07-05 00:47:43,377 [INFO] Progress: 3847/4498 (85.5%) | ok=3813 fail=34 | engines: bing=3097 ddg=53 google=0 yandex=0 brave=0 | rate=1.8/s eta=356s
2026-07-05 00:47:49,460 [INFO] Progress: 3858/4498 (85.8%) | ok=3824 fail=34 | engines: bing=3108 ddg=53 google=0 yandex=0 brave=0 | rate=1.8/s eta=350s
2026-07-05 00:47:55,379 [INFO] Progress: 3868/4498 (86.0%) | ok=3834 fail=34 | engines: bing=3118 ddg=53 google=0 yandex=0 brave=0 | rate=1.8/s eta=345s
2026-07-05 00:48:00,578 [INFO] Progress: 3877/4498 (86.2%) | ok=3843 fail=34 | engines: bing=3127 ddg=53 google=0 yandex=0 brave=0 | rate=1.8/s eta=340s
2026-07-05 00:48:05,651 [INFO] Progress: 3884/4498 (86.3%) | ok=3850 fail=34 | engines: bing=3134 ddg=53 google=0 yandex=0 brave=0 | rate=1.8/s eta=337s
2026-07-05 00:48:10,930 [INFO] Progress: 3892/4498 (86.5%) | ok=3858 fail=34 | engines: bing=3142 ddg=53 google=0 yandex=0 brave=0 | rate=1.8/s eta=332s
2026-07-05 00:48:15,989 [INFO] Progress: 3900/4498 (86.7%) | ok=3866 fail=34 | engines: bing=3150 ddg=53 google=0 yandex=0 brave=0 | rate=1.8/s eta=328s
2026-07-05 00:48:21,029 [INFO] Progress: 3908/4498 (86.9%) | ok=3874 fail=34 | engines: bing=3157 ddg=54 google=0 yandex=0 brave=0 | rate=1.8/s eta=324s
2026-07-05 00:48:26,037 [INFO] Progress: 3916/4498 (87.1%) | ok=3882 fail=34 | engines: bing=3165 ddg=54 google=0 yandex=0 brave=0 | rate=1.8/s eta=319s
2026-07-05 00:48:31,902 [INFO] Progress: 3925/4498 (87.3%) | ok=3891 fail=34 | engines: bing=3174 ddg=54 google=0 yandex=0 brave=0 | rate=1.8/s eta=315s
2026-07-05 00:48:36,919 [INFO] Progress: 3932/4498 (87.4%) | ok=3898 fail=34 | engines: bing=3181 ddg=54 google=0 yandex=0 brave=0 | rate=1.8/s eta=311s
2026-07-05 00:48:42,511 [INFO] Progress: 3941/4498 (87.6%) | ok=3907 fail=34 | engines: bing=3190 ddg=54 google=0 yandex=0 brave=0 | rate=1.8/s eta=306s
2026-07-05 00:48:47,646 [INFO] Progress: 3949/4498 (87.8%) | ok=3915 fail=34 | engines: bing=3198 ddg=54 google=0 yandex=0 brave=0 | rate=1.8/s eta=302s
2026-07-05 00:48:53,128 [INFO] Progress: 3958/4498 (88.0%) | ok=3924 fail=34 | engines: bing=3207 ddg=54 google=0 yandex=0 brave=0 | rate=1.8/s eta=297s
2026-07-05 00:48:59,615 [INFO] Progress: 3964/4498 (88.1%) | ok=3930 fail=34 | engines: bing=3213 ddg=54 google=0 yandex=0 brave=0 | rate=1.8/s eta=294s
2026-07-05 00:49:04,900 [INFO] Progress: 3975/4498 (88.4%) | ok=3941 fail=34 | engines: bing=3224 ddg=54 google=0 yandex=0 brave=0 | rate=1.8/s eta=288s
2026-07-05 00:49:10,286 [INFO] Progress: 3984/4498 (88.6%) | ok=3950 fail=34 | engines: bing=3233 ddg=54 google=0 yandex=0 brave=0 | rate=1.8/s eta=283s
2026-07-05 00:49:16,061 [INFO] Progress: 3993/4498 (88.8%) | ok=3959 fail=34 | engines: bing=3242 ddg=54 google=0 yandex=0 brave=0 | rate=1.8/s eta=278s
2026-07-05 00:49:21,158 [INFO] Progress: 4001/4498 (89.0%) | ok=3967 fail=34 | engines: bing=3250 ddg=54 google=0 yandex=0 brave=0 | rate=1.8/s eta=274s
2026-07-05 00:49:26,267 [INFO] Progress: 4009/4498 (89.1%) | ok=3975 fail=34 | engines: bing=3258 ddg=54 google=0 yandex=0 brave=0 | rate=1.8/s eta=270s
2026-07-05 00:49:31,276 [INFO] Progress: 4017/4498 (89.3%) | ok=3983 fail=34 | engines: bing=3266 ddg=54 google=0 yandex=0 brave=0 | rate=1.8/s eta=265s
2026-07-05 00:49:36,511 [INFO] Progress: 4023/4498 (89.4%) | ok=3989 fail=34 | engines: bing=3272 ddg=54 google=0 yandex=0 brave=0 | rate=1.8/s eta=262s
2026-07-05 00:49:41,871 [INFO] Progress: 4030/4498 (89.6%) | ok=3996 fail=34 | engines: bing=3279 ddg=54 google=0 yandex=0 brave=0 | rate=1.8/s eta=258s
2026-07-05 00:49:47,102 [INFO] Progress: 4038/4498 (89.8%) | ok=4004 fail=34 | engines: bing=3287 ddg=54 google=0 yandex=0 brave=0 | rate=1.8/s eta=254s
2026-07-05 00:49:52,232 [INFO] Progress: 4045/4498 (89.9%) | ok=4010 fail=35 | engines: bing=3293 ddg=54 google=0 yandex=0 brave=0 | rate=1.8/s eta=250s
2026-07-05 00:49:57,242 [INFO] Progress: 4055/4498 (90.2%) | ok=4020 fail=35 | engines: bing=3302 ddg=55 google=0 yandex=0 brave=0 | rate=1.8/s eta=245s
2026-07-05 00:50:02,317 [INFO] Progress: 4060/4498 (90.3%) | ok=4025 fail=35 | engines: bing=3307 ddg=55 google=0 yandex=0 brave=0 | rate=1.8/s eta=242s
2026-07-05 00:50:07,543 [INFO] Progress: 4068/4498 (90.4%) | ok=4033 fail=35 | engines: bing=3315 ddg=55 google=0 yandex=0 brave=0 | rate=1.8/s eta=238s
2026-07-05 00:50:13,825 [INFO] Progress: 4077/4498 (90.6%) | ok=4042 fail=35 | engines: bing=3324 ddg=55 google=0 yandex=0 brave=0 | rate=1.8/s eta=233s
2026-07-05 00:50:18,825 [INFO] Progress: 4084/4498 (90.8%) | ok=4049 fail=35 | engines: bing=3331 ddg=55 google=0 yandex=0 brave=0 | rate=1.8/s eta=229s
2026-07-05 00:50:24,566 [INFO] Progress: 4095/4498 (91.0%) | ok=4060 fail=35 | engines: bing=3342 ddg=55 google=0 yandex=0 brave=0 | rate=1.8/s eta=223s
2026-07-05 00:50:31,096 [INFO] Progress: 4106/4498 (91.3%) | ok=4071 fail=35 | engines: bing=3353 ddg=55 google=0 yandex=0 brave=0 | rate=1.8/s eta=217s
2026-07-05 00:50:36,591 [INFO] Progress: 4115/4498 (91.5%) | ok=4080 fail=35 | engines: bing=3362 ddg=55 google=0 yandex=0 brave=0 | rate=1.8/s eta=212s
2026-07-05 00:50:42,062 [INFO] Progress: 4121/4498 (91.6%) | ok=4086 fail=35 | engines: bing=3368 ddg=55 google=0 yandex=0 brave=0 | rate=1.8/s eta=209s
2026-07-05 00:50:48,177 [INFO] Progress: 4128/4498 (91.8%) | ok=4093 fail=35 | engines: bing=3375 ddg=55 google=0 yandex=0 brave=0 | rate=1.8/s eta=205s
2026-07-05 00:50:53,226 [INFO] Progress: 4138/4498 (92.0%) | ok=4103 fail=35 | engines: bing=3385 ddg=55 google=0 yandex=0 brave=0 | rate=1.8/s eta=200s
2026-07-05 00:50:58,516 [INFO] Progress: 4148/4498 (92.2%) | ok=4113 fail=35 | engines: bing=3395 ddg=55 google=0 yandex=0 brave=0 | rate=1.8/s eta=194s
2026-07-05 00:51:03,717 [INFO] Progress: 4156/4498 (92.4%) | ok=4121 fail=35 | engines: bing=3403 ddg=55 google=0 yandex=0 brave=0 | rate=1.8/s eta=190s
2026-07-05 00:51:15,724 [INFO] Progress: 4162/4498 (92.5%) | ok=4127 fail=35 | engines: bing=3409 ddg=55 google=0 yandex=0 brave=0 | rate=1.8/s eta=187s
2026-07-05 00:51:24,434 [INFO] Progress: 4163/4498 (92.6%) | ok=4128 fail=35 | engines: bing=3410 ddg=55 google=0 yandex=0 brave=0 | rate=1.8/s eta=187s
2026-07-05 00:51:29,514 [INFO] Progress: 4168/4498 (92.7%) | ok=4133 fail=35 | engines: bing=3415 ddg=55 google=0 yandex=0 brave=0 | rate=1.8/s eta=185s
2026-07-05 00:51:34,653 [INFO] Progress: 4181/4498 (93.0%) | ok=4146 fail=35 | engines: bing=3428 ddg=55 google=0 yandex=0 brave=0 | rate=1.8/s eta=177s
2026-07-05 00:51:40,164 [INFO] Progress: 4189/4498 (93.1%) | ok=4154 fail=35 | engines: bing=3436 ddg=55 google=0 yandex=0 brave=0 | rate=1.8/s eta=173s
2026-07-05 00:51:46,017 [INFO] Progress: 4196/4498 (93.3%) | ok=4161 fail=35 | engines: bing=3443 ddg=55 google=0 yandex=0 brave=0 | rate=1.8/s eta=169s
2026-07-05 00:51:51,267 [INFO] Progress: 4205/4498 (93.5%) | ok=4170 fail=35 | engines: bing=3452 ddg=55 google=0 yandex=0 brave=0 | rate=1.8/s eta=164s
2026-07-05 00:51:56,883 [INFO] Progress: 4214/4498 (93.7%) | ok=4179 fail=35 | engines: bing=3461 ddg=55 google=0 yandex=0 brave=0 | rate=1.8/s eta=159s
2026-07-05 00:52:02,455 [INFO] Progress: 4224/4498 (93.9%) | ok=4189 fail=35 | engines: bing=3471 ddg=55 google=0 yandex=0 brave=0 | rate=1.8/s eta=153s
2026-07-05 00:52:07,887 [INFO] Progress: 4232/4498 (94.1%) | ok=4197 fail=35 | engines: bing=3479 ddg=55 google=0 yandex=0 brave=0 | rate=1.8/s eta=149s
2026-07-05 00:52:13,134 [INFO] Progress: 4240/4498 (94.3%) | ok=4205 fail=35 | engines: bing=3487 ddg=55 google=0 yandex=0 brave=0 | rate=1.8/s eta=145s
2026-07-05 00:52:18,729 [INFO] Progress: 4248/4498 (94.4%) | ok=4212 fail=36 | engines: bing=3494 ddg=55 google=0 yandex=0 brave=0 | rate=1.8/s eta=140s
2026-07-05 00:52:23,999 [INFO] Progress: 4258/4498 (94.7%) | ok=4222 fail=36 | engines: bing=3504 ddg=55 google=0 yandex=0 brave=0 | rate=1.8/s eta=135s
2026-07-05 00:52:29,005 [INFO] Progress: 4266/4498 (94.8%) | ok=4230 fail=36 | engines: bing=3512 ddg=55 google=0 yandex=0 brave=0 | rate=1.8/s eta=130s
2026-07-05 00:52:34,434 [INFO] Progress: 4274/4498 (95.0%) | ok=4238 fail=36 | engines: bing=3520 ddg=55 google=0 yandex=0 brave=0 | rate=1.8/s eta=126s
2026-07-05 00:52:39,776 [INFO] Progress: 4283/4498 (95.2%) | ok=4247 fail=36 | engines: bing=3529 ddg=55 google=0 yandex=0 brave=0 | rate=1.8/s eta=121s
2026-07-05 00:52:45,532 [INFO] Progress: 4290/4498 (95.4%) | ok=4254 fail=36 | engines: bing=3536 ddg=55 google=0 yandex=0 brave=0 | rate=1.8/s eta=117s
2026-07-05 00:52:51,284 [INFO] Progress: 4299/4498 (95.6%) | ok=4263 fail=36 | engines: bing=3545 ddg=55 google=0 yandex=0 brave=0 | rate=1.8/s eta=112s
2026-07-05 00:52:56,492 [INFO] Progress: 4307/4498 (95.8%) | ok=4271 fail=36 | engines: bing=3553 ddg=55 google=0 yandex=0 brave=0 | rate=1.8/s eta=107s
2026-07-05 00:53:02,354 [INFO] Progress: 4316/4498 (96.0%) | ok=4280 fail=36 | engines: bing=3561 ddg=56 google=0 yandex=0 brave=0 | rate=1.8/s eta=102s
2026-07-05 00:53:07,447 [INFO] Progress: 4325/4498 (96.2%) | ok=4289 fail=36 | engines: bing=3570 ddg=56 google=0 yandex=0 brave=0 | rate=1.8/s eta=97s
2026-07-05 00:53:14,709 [INFO] Progress: 4334/4498 (96.4%) | ok=4298 fail=36 | engines: bing=3579 ddg=56 google=0 yandex=0 brave=0 | rate=1.8/s eta=92s
2026-07-05 00:53:20,626 [INFO] Progress: 4344/4498 (96.6%) | ok=4308 fail=36 | engines: bing=3589 ddg=56 google=0 yandex=0 brave=0 | rate=1.8/s eta=87s
2026-07-05 00:53:25,916 [INFO] Progress: 4353/4498 (96.8%) | ok=4317 fail=36 | engines: bing=3598 ddg=56 google=0 yandex=0 brave=0 | rate=1.8/s eta=82s
2026-07-05 00:53:31,093 [INFO] Progress: 4361/4498 (97.0%) | ok=4325 fail=36 | engines: bing=3605 ddg=57 google=0 yandex=0 brave=0 | rate=1.8/s eta=77s
2026-07-05 00:53:36,288 [INFO] Progress: 4368/4498 (97.1%) | ok=4331 fail=37 | engines: bing=3611 ddg=57 google=0 yandex=0 brave=0 | rate=1.8/s eta=73s
2026-07-05 00:53:42,867 [INFO] Progress: 4377/4498 (97.3%) | ok=4340 fail=37 | engines: bing=3620 ddg=57 google=0 yandex=0 brave=0 | rate=1.8/s eta=68s
2026-07-05 00:53:47,887 [INFO] Progress: 4384/4498 (97.5%) | ok=4347 fail=37 | engines: bing=3627 ddg=57 google=0 yandex=0 brave=0 | rate=1.8/s eta=64s
2026-07-05 00:53:52,911 [INFO] Progress: 4392/4498 (97.6%) | ok=4355 fail=37 | engines: bing=3635 ddg=57 google=0 yandex=0 brave=0 | rate=1.8/s eta=60s
2026-07-05 00:53:58,183 [INFO] Progress: 4403/4498 (97.9%) | ok=4366 fail=37 | engines: bing=3645 ddg=58 google=0 yandex=0 brave=0 | rate=1.8/s eta=54s
2026-07-05 00:54:03,556 [INFO] Progress: 4411/4498 (98.1%) | ok=4374 fail=37 | engines: bing=3653 ddg=58 google=0 yandex=0 brave=0 | rate=1.8/s eta=49s
2026-07-05 00:54:08,661 [INFO] Progress: 4417/4498 (98.2%) | ok=4380 fail=37 | engines: bing=3658 ddg=59 google=0 yandex=0 brave=0 | rate=1.8/s eta=46s
2026-07-05 00:54:15,234 [INFO] Progress: 4425/4498 (98.4%) | ok=4388 fail=37 | engines: bing=3666 ddg=59 google=0 yandex=0 brave=0 | rate=1.8/s eta=41s
2026-07-05 00:54:20,411 [INFO] Progress: 4431/4498 (98.5%) | ok=4394 fail=37 | engines: bing=3672 ddg=59 google=0 yandex=0 brave=0 | rate=1.8/s eta=38s
2026-07-05 00:54:36,907 [INFO] Progress: 4432/4498 (98.5%) | ok=4395 fail=37 | engines: bing=3673 ddg=59 google=0 yandex=0 brave=0 | rate=1.8/s eta=38s
2026-07-05 00:54:42,235 [INFO] Progress: 4442/4498 (98.8%) | ok=4405 fail=37 | engines: bing=3683 ddg=59 google=0 yandex=0 brave=0 | rate=1.8/s eta=32s
2026-07-05 00:54:48,123 [INFO] Progress: 4455/4498 (99.0%) | ok=4418 fail=37 | engines: bing=3696 ddg=59 google=0 yandex=0 brave=0 | rate=1.8/s eta=24s
2026-07-05 00:54:54,584 [INFO] Progress: 4462/4498 (99.2%) | ok=4425 fail=37 | engines: bing=3703 ddg=59 google=0 yandex=0 brave=0 | rate=1.8/s eta=20s
2026-07-05 00:54:59,804 [INFO] Progress: 4469/4498 (99.4%) | ok=4432 fail=37 | engines: bing=3710 ddg=59 google=0 yandex=0 brave=0 | rate=1.8/s eta=17s
2026-07-05 00:55:05,312 [INFO] Progress: 4479/4498 (99.6%) | ok=4442 fail=37 | engines: bing=3720 ddg=59 google=0 yandex=0 brave=0 | rate=1.8/s eta=11s
2026-07-05 00:55:10,658 [INFO] Progress: 4486/4498 (99.7%) | ok=4449 fail=37 | engines: bing=3727 ddg=59 google=0 yandex=0 brave=0 | rate=1.8/s eta=7s
2026-07-05 00:55:15,893 [INFO] Progress: 4496/4498 (100.0%) | ok=4459 fail=37 | engines: bing=3737 ddg=59 google=0 yandex=0 brave=0 | rate=1.8/s eta=1s
2026-07-05 00:55:17,773 [INFO] Progress: 4498/4498 (100.0%) | ok=4461 fail=37 | engines: bing=3739 ddg=59 google=0 yandex=0 brave=0 | rate=1.8/s eta=0s
2026-07-05 00:55:17,774 [INFO] ============================================================
2026-07-05 00:55:17,774 [INFO] DONE. Total=4498  OK=4461  Fail=37  Elapsed=2561.0s
2026-07-05 00:55:17,774 [INFO] Images dir: /home/z/my-project/download/product_images
2026-07-05 00:55:17,774 [INFO] Log CSV:    /home/z/my-project/download/_work/scrape_log.csv
